2026-02-17T08:39:16.981Z | GET /health | Auth: No
2026-02-17T08:39:50.458Z | OPTIONS /api/sensors | Auth: No
2026-02-17T08:39:50.464Z | GET /api/sensors | Auth: Yes
2026-02-17T08:40:50.471Z | OPTIONS /api/sensors | Auth: No
2026-02-17T08:40:50.476Z | GET /api/sensors | Auth: Invalid
2026-02-17T08:41:50.460Z | OPTIONS /api/sensors | Auth: No
2026-02-17T08:41:50.469Z | GET /api/sensors | Auth: Invalid
2026-02-17T08:42:50.460Z | OPTIONS /api/sensors | Auth: No
2026-02-17T08:42:50.469Z | GET /api/sensors | Auth: Invalid
2026-02-17T08:43:50.460Z | OPTIONS /api/sensors | Auth: No
2026-02-17T08:43:50.464Z | GET /api/sensors | Auth: Invalid
2026-02-17T08:44:50.460Z | OPTIONS /api/sensors | Auth: No
2026-02-17T08:44:50.470Z | GET /api/sensors | Auth: Invalid
2026-02-17T08:45:50.457Z | OPTIONS /api/sensors | Auth: No
2026-02-17T08:45:50.463Z | GET /api/sensors | Auth: Invalid
2026-02-17T08:46:50.459Z | OPTIONS /api/sensors | Auth: No
2026-02-17T08:46:50.469Z | GET /api/sensors | Auth: Invalid
2026-02-17T08:47:50.460Z | OPTIONS /api/sensors | Auth: No
2026-02-17T08:47:50.465Z | GET /api/sensors | Auth: Invalid
2026-02-17T08:48:50.460Z | OPTIONS /api/sensors | Auth: No
2026-02-17T08:48:50.467Z | GET /api/sensors | Auth: Invalid
2026-02-17T08:49:50.460Z | OPTIONS /api/sensors | Auth: No
2026-02-17T08:49:50.468Z | GET /api/sensors | Auth: Invalid
2026-02-17T08:50:50.459Z | OPTIONS /api/sensors | Auth: No
2026-02-17T08:50:50.468Z | GET /api/sensors | Auth: Invalid
2026-02-17T08:51:50.459Z | OPTIONS /api/sensors | Auth: No
2026-02-17T08:51:50.468Z | GET /api/sensors | Auth: Invalid
2026-02-17T08:52:50.459Z | OPTIONS /api/sensors | Auth: No
2026-02-17T08:52:50.466Z | GET /api/sensors | Auth: Invalid
2026-02-17T08:53:50.456Z | OPTIONS /api/sensors | Auth: No
2026-02-17T08:53:50.461Z | GET /api/sensors | Auth: Invalid
2026-02-17T08:54:50.454Z | OPTIONS /api/sensors | Auth: No
2026-02-17T08:54:50.456Z | GET /api/sensors | Auth: Invalid
2026-02-17T08:55:50.457Z | OPTIONS /api/sensors | Auth: No
2026-02-17T08:55:50.465Z | GET /api/sensors | Auth: Invalid
2026-02-17T08:56:50.454Z | OPTIONS /api/sensors | Auth: No
2026-02-17T08:56:50.457Z | GET /api/sensors | Auth: Invalid
2026-02-17T08:57:50.459Z | OPTIONS /api/sensors | Auth: No
2026-02-17T08:57:50.462Z | GET /api/sensors | Auth: Invalid
2026-02-17T08:58:50.460Z | OPTIONS /api/sensors | Auth: No
2026-02-17T08:58:50.466Z | GET /api/sensors | Auth: Invalid
2026-02-17T08:59:50.459Z | OPTIONS /api/sensors | Auth: No
2026-02-17T08:59:50.467Z | GET /api/sensors | Auth: Invalid
2026-02-17T09:00:49.740Z | OPTIONS /api/sensors | Auth: No
2026-02-17T09:00:49.744Z | GET /api/sensors | Auth: Invalid
2026-02-17T09:00:53.756Z | GET /api/sensors | Auth: Invalid
2026-02-17T09:00:56.933Z | GET /api/sensors | Auth: Invalid
2026-02-17T09:00:58.627Z | OPTIONS /api/sensors | Auth: No
2026-02-17T09:00:58.630Z | GET /api/sensors | Auth: Invalid
2026-02-17T09:01:09.457Z | OPTIONS /api/sensors | Auth: No
2026-02-17T09:01:09.464Z | GET /api/sensors | Auth: Invalid
2026-02-17T09:01:19.458Z | OPTIONS /api/sensors | Auth: No
2026-02-17T09:01:19.465Z | GET /api/sensors | Auth: Invalid
2026-02-17T09:01:29.458Z | OPTIONS /api/sensors | Auth: No
2026-02-17T09:01:29.466Z | GET /api/sensors | Auth: Invalid
2026-02-17T09:01:39.454Z | OPTIONS /api/sensors | Auth: No
2026-02-17T09:01:39.457Z | GET /api/sensors | Auth: Invalid
2026-02-17T09:01:49.458Z | OPTIONS /api/sensors | Auth: No
2026-02-17T09:01:49.463Z | GET /api/sensors | Auth: Invalid
2026-02-17T09:01:59.457Z | OPTIONS /api/sensors | Auth: No
2026-02-17T09:01:59.461Z | GET /api/sensors | Auth: Invalid
2026-02-17T09:02:50.456Z | OPTIONS /api/sensors | Auth: No
2026-02-17T09:02:50.466Z | GET /api/sensors | Auth: Invalid
2026-02-17T09:03:50.455Z | OPTIONS /api/sensors | Auth: No
2026-02-17T09:03:50.458Z | GET /api/sensors | Auth: Invalid
2026-02-17T09:04:50.461Z | OPTIONS /api/sensors | Auth: No
2026-02-17T09:04:50.470Z | GET /api/sensors | Auth: Invalid
2026-02-17T09:05:50.462Z | OPTIONS /api/sensors | Auth: No
2026-02-17T09:05:50.466Z | GET /api/sensors | Auth: Invalid
2026-02-17T09:06:50.459Z | OPTIONS /api/sensors | Auth: No
2026-02-17T09:06:50.461Z | GET /api/sensors | Auth: Invalid
2026-02-17T09:07:50.462Z | OPTIONS /api/sensors | Auth: No
2026-02-17T09:07:50.466Z | GET /api/sensors | Auth: Invalid
2026-02-17T09:08:50.455Z | OPTIONS /api/sensors | Auth: No
2026-02-17T09:08:50.462Z | GET /api/sensors | Auth: Invalid
2026-02-17T09:09:50.458Z | OPTIONS /api/sensors | Auth: No
2026-02-17T09:09:50.460Z | GET /api/sensors | Auth: Invalid
2026-02-17T09:10:50.459Z | OPTIONS /api/sensors | Auth: No
2026-02-17T09:10:50.467Z | GET /api/sensors | Auth: Invalid
2026-02-17T09:11:50.458Z | OPTIONS /api/sensors | Auth: No
2026-02-17T09:11:50.463Z | GET /api/sensors | Auth: Invalid
2026-02-17T09:12:50.458Z | OPTIONS /api/sensors | Auth: No
2026-02-17T09:12:50.461Z | GET /api/sensors | Auth: Invalid
2026-02-17T09:13:50.458Z | OPTIONS /api/sensors | Auth: No
2026-02-17T09:13:50.460Z | GET /api/sensors | Auth: Invalid
2026-02-17T09:14:50.454Z | OPTIONS /api/sensors | Auth: No
2026-02-17T09:14:50.456Z | GET /api/sensors | Auth: Invalid
2026-02-17T09:15:50.458Z | OPTIONS /api/sensors | Auth: No
2026-02-17T09:15:50.460Z | GET /api/sensors | Auth: Invalid
2026-02-17T09:16:50.458Z | OPTIONS /api/sensors | Auth: No
2026-02-17T09:16:50.460Z | GET /api/sensors | Auth: Invalid
2026-02-17T09:17:50.458Z | OPTIONS /api/sensors | Auth: No
2026-02-17T09:17:50.460Z | GET /api/sensors | Auth: Invalid
2026-02-17T09:18:50.457Z | OPTIONS /api/sensors | Auth: No
2026-02-17T09:18:50.460Z | GET /api/sensors | Auth: Invalid
2026-02-17T09:19:43.204Z | OPTIONS /api/sensors | Auth: No
2026-02-17T09:19:43.212Z | GET /api/sensors | Auth: Invalid
2026-02-17T09:19:43.260Z | GET /api/sensors | Auth: Invalid
2026-02-17T09:19:53.265Z | OPTIONS /api/sensors | Auth: No
2026-02-17T09:19:53.273Z | GET /api/sensors | Auth: Invalid
2026-02-17T09:20:03.266Z | OPTIONS /api/sensors | Auth: No
2026-02-17T09:20:03.273Z | GET /api/sensors | Auth: Invalid
2026-02-17T09:20:13.266Z | OPTIONS /api/sensors | Auth: No
2026-02-17T09:20:13.273Z | GET /api/sensors | Auth: Invalid
2026-02-17T09:20:23.264Z | OPTIONS /api/sensors | Auth: No
2026-02-17T09:20:23.266Z | GET /api/sensors | Auth: Invalid
2026-02-17T09:20:33.266Z | OPTIONS /api/sensors | Auth: No
2026-02-17T09:20:33.272Z | GET /api/sensors | Auth: Invalid
2026-02-17T09:20:43.265Z | OPTIONS /api/sensors | Auth: No
2026-02-17T09:20:43.269Z | GET /api/sensors | Auth: Invalid
2026-02-17T09:20:53.265Z | OPTIONS /api/sensors | Auth: No
2026-02-17T09:20:53.270Z | GET /api/sensors | Auth: Invalid
2026-02-17T09:21:03.265Z | OPTIONS /api/sensors | Auth: No
2026-02-17T09:21:03.273Z | GET /api/sensors | Auth: Invalid
2026-02-17T09:21:13.265Z | OPTIONS /api/sensors | Auth: No
2026-02-17T09:21:13.271Z | GET /api/sensors | Auth: Invalid
2026-02-17T09:21:23.265Z | OPTIONS /api/sensors | Auth: No
2026-02-17T09:21:23.272Z | GET /api/sensors | Auth: Invalid
2026-02-17T09:21:33.265Z | OPTIONS /api/sensors | Auth: No
2026-02-17T09:21:33.270Z | GET /api/sensors | Auth: Invalid
2026-02-17T09:21:43.265Z | OPTIONS /api/sensors | Auth: No
2026-02-17T09:21:43.270Z | GET /api/sensors | Auth: Invalid
2026-02-17T09:21:53.266Z | OPTIONS /api/sensors | Auth: No
2026-02-17T09:21:53.273Z | GET /api/sensors | Auth: Invalid
2026-02-17T09:22:03.266Z | OPTIONS /api/sensors | Auth: No
2026-02-17T09:22:03.275Z | GET /api/sensors | Auth: Invalid
2026-02-17T09:22:13.265Z | OPTIONS /api/sensors | Auth: No
2026-02-17T09:22:13.272Z | GET /api/sensors | Auth: Invalid
2026-02-17T09:22:23.266Z | OPTIONS /api/sensors | Auth: No
2026-02-17T09:22:23.273Z | GET /api/sensors | Auth: Invalid
2026-02-17T09:22:33.265Z | OPTIONS /api/sensors | Auth: No
2026-02-17T09:22:33.272Z | GET /api/sensors | Auth: Invalid
2026-02-17T09:22:43.265Z | OPTIONS /api/sensors | Auth: No
2026-02-17T09:22:43.273Z | GET /api/sensors | Auth: Invalid
2026-02-17T09:22:53.265Z | OPTIONS /api/sensors | Auth: No
2026-02-17T09:22:53.273Z | GET /api/sensors | Auth: Invalid
2026-02-17T09:23:03.265Z | OPTIONS /api/sensors | Auth: No
2026-02-17T09:23:03.270Z | GET /api/sensors | Auth: Invalid
2026-02-17T09:23:13.264Z | OPTIONS /api/sensors | Auth: No
2026-02-17T09:23:13.272Z | GET /api/sensors | Auth: Invalid
2026-02-17T09:23:23.265Z | OPTIONS /api/sensors | Auth: No
2026-02-17T09:23:23.273Z | GET /api/sensors | Auth: Invalid
2026-02-17T09:23:33.266Z | OPTIONS /api/sensors | Auth: No
2026-02-17T09:23:33.273Z | GET /api/sensors | Auth: Invalid
2026-02-17T09:23:43.266Z | OPTIONS /api/sensors | Auth: No
2026-02-17T09:23:43.270Z | GET /api/sensors | Auth: Invalid
2026-02-17T09:23:53.264Z | OPTIONS /api/sensors | Auth: No
2026-02-17T09:23:53.271Z | GET /api/sensors | Auth: Invalid
2026-02-17T09:24:03.265Z | OPTIONS /api/sensors | Auth: No
2026-02-17T09:24:03.272Z | GET /api/sensors | Auth: Invalid
2026-02-17T09:24:13.263Z | OPTIONS /api/sensors | Auth: No
2026-02-17T09:24:13.267Z | GET /api/sensors | Auth: Invalid
2026-02-17T09:24:23.265Z | OPTIONS /api/sensors | Auth: No
2026-02-17T09:24:23.273Z | GET /api/sensors | Auth: Invalid
2026-02-17T09:24:33.264Z | OPTIONS /api/sensors | Auth: No
2026-02-17T09:24:33.270Z | GET /api/sensors | Auth: Invalid
2026-02-17T09:24:43.265Z | OPTIONS /api/sensors | Auth: No
2026-02-17T09:24:43.271Z | GET /api/sensors | Auth: Invalid
2026-02-17T09:24:53.265Z | OPTIONS /api/sensors | Auth: No
2026-02-17T09:24:53.269Z | GET /api/sensors | Auth: Invalid
2026-02-17T09:25:03.265Z | OPTIONS /api/sensors | Auth: No
2026-02-17T09:25:03.272Z | GET /api/sensors | Auth: Invalid
2026-02-17T09:25:13.265Z | OPTIONS /api/sensors | Auth: No
2026-02-17T09:25:13.273Z | GET /api/sensors | Auth: Invalid
2026-02-17T09:25:23.265Z | OPTIONS /api/sensors | Auth: No
2026-02-17T09:25:23.270Z | GET /api/sensors | Auth: Invalid
2026-02-17T09:25:33.265Z | OPTIONS /api/sensors | Auth: No
2026-02-17T09:25:33.273Z | GET /api/sensors | Auth: Invalid
2026-02-17T09:25:43.266Z | OPTIONS /api/sensors | Auth: No
2026-02-17T09:25:43.271Z | GET /api/sensors | Auth: Invalid
2026-02-17T09:25:53.265Z | OPTIONS /api/sensors | Auth: No
2026-02-17T09:25:53.270Z | GET /api/sensors | Auth: Invalid
2026-02-17T09:26:03.265Z | OPTIONS /api/sensors | Auth: No
2026-02-17T09:26:03.271Z | GET /api/sensors | Auth: Invalid
2026-02-17T09:26:13.266Z | OPTIONS /api/sensors | Auth: No
2026-02-17T09:26:13.273Z | GET /api/sensors | Auth: Invalid
2026-02-17T09:26:23.266Z | OPTIONS /api/sensors | Auth: No
2026-02-17T09:26:23.273Z | GET /api/sensors | Auth: Invalid
2026-02-17T09:26:33.265Z | OPTIONS /api/sensors | Auth: No
2026-02-17T09:26:33.274Z | GET /api/sensors | Auth: Invalid
2026-02-17T09:26:43.265Z | OPTIONS /api/sensors | Auth: No
2026-02-17T09:26:43.273Z | GET /api/sensors | Auth: Invalid
2026-02-17T09:26:53.265Z | OPTIONS /api/sensors | Auth: No
2026-02-17T09:26:53.269Z | GET /api/sensors | Auth: Invalid
2026-02-17T09:27:03.265Z | OPTIONS /api/sensors | Auth: No
2026-02-17T09:27:03.270Z | GET /api/sensors | Auth: Invalid
2026-02-17T09:27:13.266Z | OPTIONS /api/sensors | Auth: No
2026-02-17T09:27:13.271Z | GET /api/sensors | Auth: Invalid
2026-02-17T09:27:23.265Z | OPTIONS /api/sensors | Auth: No
2026-02-17T09:27:23.270Z | GET /api/sensors | Auth: Invalid
2026-02-17T09:27:33.265Z | OPTIONS /api/sensors | Auth: No
2026-02-17T09:27:33.270Z | GET /api/sensors | Auth: Invalid
2026-02-17T09:27:43.265Z | OPTIONS /api/sensors | Auth: No
2026-02-17T09:27:43.273Z | GET /api/sensors | Auth: Invalid
2026-02-17T09:27:53.264Z | OPTIONS /api/sensors | Auth: No
2026-02-17T09:27:53.266Z | GET /api/sensors | Auth: Invalid
2026-02-17T09:28:03.265Z | OPTIONS /api/sensors | Auth: No
2026-02-17T09:28:03.269Z | GET /api/sensors | Auth: Invalid
2026-02-17T09:28:13.265Z | OPTIONS /api/sensors | Auth: No
2026-02-17T09:28:13.273Z | GET /api/sensors | Auth: Invalid
2026-02-17T09:28:23.265Z | OPTIONS /api/sensors | Auth: No
2026-02-17T09:28:23.270Z | GET /api/sensors | Auth: Invalid
2026-02-17T09:28:33.265Z | OPTIONS /api/sensors | Auth: No
2026-02-17T09:28:33.270Z | GET /api/sensors | Auth: Invalid
2026-02-17T09:28:43.266Z | OPTIONS /api/sensors | Auth: No
2026-02-17T09:28:43.271Z | GET /api/sensors | Auth: Invalid
2026-02-17T09:28:53.266Z | OPTIONS /api/sensors | Auth: No
2026-02-17T09:28:53.274Z | GET /api/sensors | Auth: Invalid
2026-02-17T09:29:03.266Z | OPTIONS /api/sensors | Auth: No
2026-02-17T09:29:03.274Z | GET /api/sensors | Auth: Invalid
2026-02-17T09:29:13.266Z | OPTIONS /api/sensors | Auth: No
2026-02-17T09:29:13.273Z | GET /api/sensors | Auth: Invalid
2026-02-17T09:29:23.265Z | OPTIONS /api/sensors | Auth: No
2026-02-17T09:29:23.272Z | GET /api/sensors | Auth: Invalid
2026-02-17T09:29:33.265Z | OPTIONS /api/sensors | Auth: No
2026-02-17T09:29:33.270Z | GET /api/sensors | Auth: Invalid
2026-02-17T09:29:43.265Z | OPTIONS /api/sensors | Auth: No
2026-02-17T09:29:43.270Z | GET /api/sensors | Auth: Invalid
2026-02-17T09:29:53.266Z | OPTIONS /api/sensors | Auth: No
2026-02-17T09:29:53.271Z | GET /api/sensors | Auth: Invalid
2026-02-17T09:30:03.265Z | OPTIONS /api/sensors | Auth: No
2026-02-17T09:30:03.272Z | GET /api/sensors | Auth: Invalid
2026-02-17T09:30:13.265Z | OPTIONS /api/sensors | Auth: No
2026-02-17T09:30:13.272Z | GET /api/sensors | Auth: Invalid
2026-02-17T09:30:23.267Z | OPTIONS /api/sensors | Auth: No
2026-02-17T09:30:23.271Z | GET /api/sensors | Auth: Invalid
2026-02-17T09:30:33.265Z | OPTIONS /api/sensors | Auth: No
2026-02-17T09:30:33.269Z | GET /api/sensors | Auth: Invalid
2026-02-17T09:30:43.265Z | OPTIONS /api/sensors | Auth: No
2026-02-17T09:30:43.269Z | GET /api/sensors | Auth: Invalid
2026-02-17T09:30:53.266Z | OPTIONS /api/sensors | Auth: No
2026-02-17T09:30:53.273Z | GET /api/sensors | Auth: Invalid
2026-02-17T09:31:03.265Z | OPTIONS /api/sensors | Auth: No
2026-02-17T09:31:03.273Z | GET /api/sensors | Auth: Invalid
2026-02-17T09:31:13.265Z | OPTIONS /api/sensors | Auth: No
2026-02-17T09:31:13.274Z | GET /api/sensors | Auth: Invalid
2026-02-17T09:31:23.268Z | OPTIONS /api/sensors | Auth: No
2026-02-17T09:31:23.274Z | GET /api/sensors | Auth: Invalid
2026-02-17T09:31:33.265Z | OPTIONS /api/sensors | Auth: No
2026-02-17T09:31:33.269Z | GET /api/sensors | Auth: Invalid
2026-02-17T09:31:43.265Z | OPTIONS /api/sensors | Auth: No
2026-02-17T09:31:43.270Z | GET /api/sensors | Auth: Invalid
2026-02-17T09:31:53.265Z | OPTIONS /api/sensors | Auth: No
2026-02-17T09:31:53.273Z | GET /api/sensors | Auth: Invalid
2026-02-17T09:32:03.265Z | OPTIONS /api/sensors | Auth: No
2026-02-17T09:32:03.272Z | GET /api/sensors | Auth: Invalid
2026-02-17T09:32:13.267Z | OPTIONS /api/sensors | Auth: No
2026-02-17T09:32:13.271Z | GET /api/sensors | Auth: Invalid
2026-02-17T09:32:23.265Z | OPTIONS /api/sensors | Auth: No
2026-02-17T09:32:23.269Z | GET /api/sensors | Auth: Invalid
2026-02-17T09:32:33.267Z | OPTIONS /api/sensors | Auth: No
2026-02-17T09:32:33.273Z | GET /api/sensors | Auth: Invalid
2026-02-17T09:32:43.266Z | OPTIONS /api/sensors | Auth: No
2026-02-17T09:32:43.274Z | GET /api/sensors | Auth: Invalid
2026-02-17T09:32:53.265Z | OPTIONS /api/sensors | Auth: No
2026-02-17T09:32:53.270Z | GET /api/sensors | Auth: Invalid
2026-02-17T09:33:03.266Z | OPTIONS /api/sensors | Auth: No
2026-02-17T09:33:03.273Z | GET /api/sensors | Auth: Invalid
2026-02-17T09:33:13.265Z | OPTIONS /api/sensors | Auth: No
2026-02-17T09:33:13.273Z | GET /api/sensors | Auth: Invalid
2026-02-17T09:33:23.265Z | OPTIONS /api/sensors | Auth: No
2026-02-17T09:33:23.272Z | GET /api/sensors | Auth: Invalid
2026-02-17T09:33:33.260Z | OPTIONS /api/sensors | Auth: No
2026-02-17T09:33:33.262Z | GET /api/sensors | Auth: Invalid
2026-02-17T09:33:43.266Z | OPTIONS /api/sensors | Auth: No
2026-02-17T09:33:43.271Z | GET /api/sensors | Auth: Invalid
2026-02-17T09:33:53.265Z | OPTIONS /api/sensors | Auth: No
2026-02-17T09:33:53.270Z | GET /api/sensors | Auth: Invalid
2026-02-17T09:34:03.265Z | OPTIONS /api/sensors | Auth: No
2026-02-17T09:34:03.273Z | GET /api/sensors | Auth: Invalid
2026-02-17T09:34:13.265Z | OPTIONS /api/sensors | Auth: No
2026-02-17T09:34:13.271Z | GET /api/sensors | Auth: Invalid
2026-02-17T09:34:23.265Z | OPTIONS /api/sensors | Auth: No
2026-02-17T09:34:23.273Z | GET /api/sensors | Auth: Invalid
2026-02-17T09:34:33.266Z | OPTIONS /api/sensors | Auth: No
2026-02-17T09:34:33.271Z | GET /api/sensors | Auth: Invalid
2026-02-17T09:34:43.267Z | OPTIONS /api/sensors | Auth: No
2026-02-17T09:34:43.274Z | GET /api/sensors | Auth: Invalid
2026-02-17T09:34:53.266Z | OPTIONS /api/sensors | Auth: No
2026-02-17T09:34:53.272Z | GET /api/sensors | Auth: Invalid
2026-02-17T09:35:03.265Z | OPTIONS /api/sensors | Auth: No
2026-02-17T09:35:03.272Z | GET /api/sensors | Auth: Invalid
2026-02-17T09:35:13.266Z | OPTIONS /api/sensors | Auth: No
2026-02-17T09:35:13.271Z | GET /api/sensors | Auth: Invalid
2026-02-17T09:35:23.266Z | OPTIONS /api/sensors | Auth: No
2026-02-17T09:35:23.273Z | GET /api/sensors | Auth: Invalid
2026-02-17T09:35:33.265Z | OPTIONS /api/sensors | Auth: No
2026-02-17T09:35:33.271Z | GET /api/sensors | Auth: Invalid
2026-02-17T09:35:43.265Z | OPTIONS /api/sensors | Auth: No
2026-02-17T09:35:43.270Z | GET /api/sensors | Auth: Invalid
2026-02-17T09:35:53.265Z | OPTIONS /api/sensors | Auth: No
2026-02-17T09:35:53.270Z | GET /api/sensors | Auth: Invalid
2026-02-17T09:36:03.265Z | OPTIONS /api/sensors | Auth: No
2026-02-17T09:36:03.271Z | GET /api/sensors | Auth: Invalid
2026-02-17T09:36:13.267Z | OPTIONS /api/sensors | Auth: No
2026-02-17T09:36:13.271Z | GET /api/sensors | Auth: Invalid
2026-02-17T09:36:23.265Z | OPTIONS /api/sensors | Auth: No
2026-02-17T09:36:23.269Z | GET /api/sensors | Auth: Invalid
2026-02-17T09:36:33.266Z | OPTIONS /api/sensors | Auth: No
2026-02-17T09:36:33.272Z | GET /api/sensors | Auth: Invalid
2026-02-17T09:36:43.265Z | OPTIONS /api/sensors | Auth: No
2026-02-17T09:36:43.273Z | GET /api/sensors | Auth: Invalid
2026-02-17T09:36:53.265Z | OPTIONS /api/sensors | Auth: No
2026-02-17T09:36:53.272Z | GET /api/sensors | Auth: Invalid
2026-02-17T09:37:03.265Z | OPTIONS /api/sensors | Auth: No
2026-02-17T09:37:03.268Z | GET /api/sensors | Auth: Invalid
2026-02-17T09:37:13.266Z | OPTIONS /api/sensors | Auth: No
2026-02-17T09:37:13.271Z | GET /api/sensors | Auth: Invalid
2026-02-17T09:37:23.266Z | OPTIONS /api/sensors | Auth: No
2026-02-17T09:37:23.273Z | GET /api/sensors | Auth: Invalid
2026-02-17T09:37:33.267Z | OPTIONS /api/sensors | Auth: No
2026-02-17T09:37:33.272Z | GET /api/sensors | Auth: Invalid
2026-02-17T09:37:43.265Z | OPTIONS /api/sensors | Auth: No
2026-02-17T09:37:43.273Z | GET /api/sensors | Auth: Invalid
2026-02-17T09:37:53.266Z | OPTIONS /api/sensors | Auth: No
2026-02-17T09:37:53.273Z | GET /api/sensors | Auth: Invalid
2026-02-17T09:38:03.265Z | OPTIONS /api/sensors | Auth: No
2026-02-17T09:38:03.273Z | GET /api/sensors | Auth: Invalid
2026-02-17T09:38:13.265Z | OPTIONS /api/sensors | Auth: No
2026-02-17T09:38:13.273Z | GET /api/sensors | Auth: Invalid
2026-02-17T09:38:23.265Z | OPTIONS /api/sensors | Auth: No
2026-02-17T09:38:23.271Z | GET /api/sensors | Auth: Invalid
2026-02-17T09:38:33.266Z | OPTIONS /api/sensors | Auth: No
2026-02-17T09:38:33.272Z | GET /api/sensors | Auth: Invalid
2026-02-17T09:38:43.264Z | OPTIONS /api/sensors | Auth: No
2026-02-17T09:38:43.272Z | GET /api/sensors | Auth: Invalid
2026-02-17T09:38:53.265Z | OPTIONS /api/sensors | Auth: No
2026-02-17T09:38:53.271Z | GET /api/sensors | Auth: Invalid
2026-02-17T09:39:03.266Z | OPTIONS /api/sensors | Auth: No
2026-02-17T09:39:03.275Z | GET /api/sensors | Auth: Invalid
2026-02-17T09:39:13.265Z | OPTIONS /api/sensors | Auth: No
2026-02-17T09:39:13.271Z | GET /api/sensors | Auth: Invalid
2026-02-17T09:39:23.263Z | OPTIONS /api/sensors | Auth: No
2026-02-17T09:39:23.270Z | GET /api/sensors | Auth: Invalid
2026-02-17T09:39:33.266Z | OPTIONS /api/sensors | Auth: No
2026-02-17T09:39:33.272Z | GET /api/sensors | Auth: Invalid
2026-02-17T09:39:43.265Z | OPTIONS /api/sensors | Auth: No
2026-02-17T09:39:43.273Z | GET /api/sensors | Auth: Invalid
2026-02-17T09:39:53.265Z | OPTIONS /api/sensors | Auth: No
2026-02-17T09:39:53.269Z | GET /api/sensors | Auth: Invalid
2026-02-17T09:40:03.266Z | OPTIONS /api/sensors | Auth: No
2026-02-17T09:40:03.271Z | GET /api/sensors | Auth: Invalid
2026-02-17T09:40:13.266Z | OPTIONS /api/sensors | Auth: No
2026-02-17T09:40:13.271Z | GET /api/sensors | Auth: Invalid
2026-02-17T09:40:23.266Z | OPTIONS /api/sensors | Auth: No
2026-02-17T09:40:23.275Z | GET /api/sensors | Auth: Invalid
2026-02-17T09:40:33.267Z | OPTIONS /api/sensors | Auth: No
2026-02-17T09:40:33.273Z | GET /api/sensors | Auth: Invalid
2026-02-17T09:40:43.265Z | OPTIONS /api/sensors | Auth: No
2026-02-17T09:40:43.269Z | GET /api/sensors | Auth: Invalid
2026-02-17T09:40:53.265Z | OPTIONS /api/sensors | Auth: No
2026-02-17T09:40:53.273Z | GET /api/sensors | Auth: Invalid
2026-02-17T09:41:03.264Z | OPTIONS /api/sensors | Auth: No
2026-02-17T09:41:03.269Z | GET /api/sensors | Auth: Invalid
2026-02-17T09:41:13.262Z | OPTIONS /api/sensors | Auth: No
2026-02-17T09:41:13.265Z | GET /api/sensors | Auth: Invalid
2026-02-17T09:41:23.265Z | OPTIONS /api/sensors | Auth: No
2026-02-17T09:41:23.271Z | GET /api/sensors | Auth: Invalid
2026-02-17T09:41:33.266Z | OPTIONS /api/sensors | Auth: No
2026-02-17T09:41:33.274Z | GET /api/sensors | Auth: Invalid
2026-02-17T09:41:43.265Z | OPTIONS /api/sensors | Auth: No
2026-02-17T09:41:43.272Z | GET /api/sensors | Auth: Invalid
2026-02-17T09:41:53.265Z | OPTIONS /api/sensors | Auth: No
2026-02-17T09:41:53.270Z | GET /api/sensors | Auth: Invalid
2026-02-17T09:42:03.265Z | OPTIONS /api/sensors | Auth: No
2026-02-17T09:42:03.272Z | GET /api/sensors | Auth: Invalid
2026-02-17T09:42:13.264Z | OPTIONS /api/sensors | Auth: No
2026-02-17T09:42:13.272Z | GET /api/sensors | Auth: Invalid
2026-02-17T09:42:23.264Z | OPTIONS /api/sensors | Auth: No
2026-02-17T09:42:23.269Z | GET /api/sensors | Auth: Invalid
2026-02-17T09:42:33.265Z | OPTIONS /api/sensors | Auth: No
2026-02-17T09:42:33.269Z | GET /api/sensors | Auth: Invalid
2026-02-17T09:42:43.265Z | OPTIONS /api/sensors | Auth: No
2026-02-17T09:42:43.272Z | GET /api/sensors | Auth: Invalid
2026-02-17T09:42:53.266Z | OPTIONS /api/sensors | Auth: No
2026-02-17T09:42:53.274Z | GET /api/sensors | Auth: Invalid
2026-02-17T09:43:03.265Z | OPTIONS /api/sensors | Auth: No
2026-02-17T09:43:03.273Z | GET /api/sensors | Auth: Invalid
2026-02-17T09:43:13.266Z | OPTIONS /api/sensors | Auth: No
2026-02-17T09:43:13.274Z | GET /api/sensors | Auth: Invalid
2026-02-17T09:43:23.265Z | OPTIONS /api/sensors | Auth: No
2026-02-17T09:43:23.274Z | GET /api/sensors | Auth: Invalid
2026-02-17T09:43:33.265Z | OPTIONS /api/sensors | Auth: No
2026-02-17T09:43:33.273Z | GET /api/sensors | Auth: Invalid
2026-02-17T09:43:43.265Z | OPTIONS /api/sensors | Auth: No
2026-02-17T09:43:43.269Z | GET /api/sensors | Auth: Invalid
2026-02-17T09:43:53.265Z | OPTIONS /api/sensors | Auth: No
2026-02-17T09:43:53.273Z | GET /api/sensors | Auth: Invalid
2026-02-17T09:44:03.266Z | OPTIONS /api/sensors | Auth: No
2026-02-17T09:44:03.272Z | GET /api/sensors | Auth: Invalid
2026-02-17T09:44:13.266Z | OPTIONS /api/sensors | Auth: No
2026-02-17T09:44:13.271Z | GET /api/sensors | Auth: Invalid
2026-02-17T09:44:23.265Z | OPTIONS /api/sensors | Auth: No
2026-02-17T09:44:23.270Z | GET /api/sensors | Auth: Invalid
2026-02-17T09:44:33.265Z | OPTIONS /api/sensors | Auth: No
2026-02-17T09:44:33.269Z | GET /api/sensors | Auth: Invalid
2026-02-17T09:44:43.265Z | OPTIONS /api/sensors | Auth: No
2026-02-17T09:44:43.274Z | GET /api/sensors | Auth: Invalid
2026-02-17T09:44:53.267Z | OPTIONS /api/sensors | Auth: No
2026-02-17T09:44:53.271Z | GET /api/sensors | Auth: Invalid
2026-02-17T09:45:03.264Z | OPTIONS /api/sensors | Auth: No
2026-02-17T09:45:03.268Z | GET /api/sensors | Auth: Invalid
2026-02-17T09:45:13.264Z | OPTIONS /api/sensors | Auth: No
2026-02-17T09:45:13.269Z | GET /api/sensors | Auth: Invalid
2026-02-17T09:45:23.265Z | OPTIONS /api/sensors | Auth: No
2026-02-17T09:45:23.272Z | GET /api/sensors | Auth: Invalid
2026-02-17T09:45:33.265Z | OPTIONS /api/sensors | Auth: No
2026-02-17T09:45:33.268Z | GET /api/sensors | Auth: Invalid
2026-02-17T09:45:43.265Z | OPTIONS /api/sensors | Auth: No
2026-02-17T09:45:43.270Z | GET /api/sensors | Auth: Invalid
2026-02-17T09:45:53.265Z | OPTIONS /api/sensors | Auth: No
2026-02-17T09:45:53.272Z | GET /api/sensors | Auth: Invalid
2026-02-17T09:46:03.265Z | OPTIONS /api/sensors | Auth: No
2026-02-17T09:46:03.269Z | GET /api/sensors | Auth: Invalid
2026-02-17T09:46:13.265Z | OPTIONS /api/sensors | Auth: No
2026-02-17T09:46:13.272Z | GET /api/sensors | Auth: Invalid
2026-02-17T09:46:23.265Z | OPTIONS /api/sensors | Auth: No
2026-02-17T09:46:23.268Z | GET /api/sensors | Auth: Invalid
2026-02-17T09:46:33.267Z | OPTIONS /api/sensors | Auth: No
2026-02-17T09:46:33.274Z | GET /api/sensors | Auth: Invalid
2026-02-17T09:46:43.266Z | OPTIONS /api/sensors | Auth: No
2026-02-17T09:46:43.273Z | GET /api/sensors | Auth: Invalid
2026-02-17T09:46:53.265Z | OPTIONS /api/sensors | Auth: No
2026-02-17T09:46:53.273Z | GET /api/sensors | Auth: Invalid
2026-02-17T09:47:03.265Z | OPTIONS /api/sensors | Auth: No
2026-02-17T09:47:03.270Z | GET /api/sensors | Auth: Invalid
2026-02-17T09:47:13.265Z | OPTIONS /api/sensors | Auth: No
2026-02-17T09:47:13.270Z | GET /api/sensors | Auth: Invalid
2026-02-17T09:47:23.266Z | OPTIONS /api/sensors | Auth: No
2026-02-17T09:47:23.275Z | GET /api/sensors | Auth: Invalid
2026-02-17T09:47:33.265Z | OPTIONS /api/sensors | Auth: No
2026-02-17T09:47:33.272Z | GET /api/sensors | Auth: Invalid
2026-02-17T09:47:43.265Z | OPTIONS /api/sensors | Auth: No
2026-02-17T09:47:43.269Z | GET /api/sensors | Auth: Invalid
2026-02-17T09:47:53.266Z | OPTIONS /api/sensors | Auth: No
2026-02-17T09:47:53.270Z | GET /api/sensors | Auth: Invalid
2026-02-17T09:48:03.266Z | OPTIONS /api/sensors | Auth: No
2026-02-17T09:48:03.272Z | GET /api/sensors | Auth: Invalid
2026-02-17T09:48:13.265Z | OPTIONS /api/sensors | Auth: No
2026-02-17T09:48:13.271Z | GET /api/sensors | Auth: Invalid
2026-02-17T09:48:23.264Z | OPTIONS /api/sensors | Auth: No
2026-02-17T09:48:23.266Z | GET /api/sensors | Auth: Invalid
2026-02-17T09:48:33.265Z | OPTIONS /api/sensors | Auth: No
2026-02-17T09:48:33.274Z | GET /api/sensors | Auth: Invalid
2026-02-17T09:48:43.266Z | OPTIONS /api/sensors | Auth: No
2026-02-17T09:48:43.271Z | GET /api/sensors | Auth: Invalid
2026-02-17T09:48:53.266Z | OPTIONS /api/sensors | Auth: No
2026-02-17T09:48:53.273Z | GET /api/sensors | Auth: Invalid
2026-02-17T09:49:03.266Z | OPTIONS /api/sensors | Auth: No
2026-02-17T09:49:03.272Z | GET /api/sensors | Auth: Invalid
2026-02-17T09:49:13.266Z | OPTIONS /api/sensors | Auth: No
2026-02-17T09:49:13.272Z | GET /api/sensors | Auth: Invalid
2026-02-17T09:49:23.264Z | OPTIONS /api/sensors | Auth: No
2026-02-17T09:49:23.271Z | GET /api/sensors | Auth: Invalid
2026-02-17T09:49:33.262Z | OPTIONS /api/sensors | Auth: No
2026-02-17T09:49:33.266Z | GET /api/sensors | Auth: Invalid
2026-02-17T09:49:43.266Z | OPTIONS /api/sensors | Auth: No
2026-02-17T09:49:43.276Z | GET /api/sensors | Auth: Invalid
2026-02-17T09:49:53.265Z | OPTIONS /api/sensors | Auth: No
2026-02-17T09:49:53.271Z | GET /api/sensors | Auth: Invalid
2026-02-17T09:50:03.265Z | OPTIONS /api/sensors | Auth: No
2026-02-17T09:50:03.272Z | GET /api/sensors | Auth: Invalid
2026-02-17T09:50:13.265Z | OPTIONS /api/sensors | Auth: No
2026-02-17T09:50:13.273Z | GET /api/sensors | Auth: Invalid
2026-02-17T09:50:23.265Z | OPTIONS /api/sensors | Auth: No
2026-02-17T09:50:23.273Z | GET /api/sensors | Auth: Invalid
2026-02-17T09:50:33.265Z | OPTIONS /api/sensors | Auth: No
2026-02-17T09:50:33.273Z | GET /api/sensors | Auth: Invalid
2026-02-17T09:50:43.265Z | OPTIONS /api/sensors | Auth: No
2026-02-17T09:50:43.270Z | GET /api/sensors | Auth: Invalid
2026-02-17T09:50:53.267Z | OPTIONS /api/sensors | Auth: No
2026-02-17T09:50:53.276Z | GET /api/sensors | Auth: Invalid
2026-02-17T09:51:03.265Z | OPTIONS /api/sensors | Auth: No
2026-02-17T09:51:03.274Z | GET /api/sensors | Auth: Invalid
2026-02-17T09:51:13.265Z | OPTIONS /api/sensors | Auth: No
2026-02-17T09:51:13.273Z | GET /api/sensors | Auth: Invalid
2026-02-17T09:51:23.266Z | OPTIONS /api/sensors | Auth: No
2026-02-17T09:51:23.275Z | GET /api/sensors | Auth: Invalid
2026-02-17T09:51:33.265Z | OPTIONS /api/sensors | Auth: No
2026-02-17T09:51:33.271Z | GET /api/sensors | Auth: Invalid
2026-02-17T09:51:43.265Z | OPTIONS /api/sensors | Auth: No
2026-02-17T09:51:43.273Z | GET /api/sensors | Auth: Invalid
2026-02-17T09:51:53.265Z | OPTIONS /api/sensors | Auth: No
2026-02-17T09:51:53.272Z | GET /api/sensors | Auth: Invalid
2026-02-17T09:52:03.265Z | OPTIONS /api/sensors | Auth: No
2026-02-17T09:52:03.273Z | GET /api/sensors | Auth: Invalid
2026-02-17T09:52:13.265Z | OPTIONS /api/sensors | Auth: No
2026-02-17T09:52:13.272Z | GET /api/sensors | Auth: Invalid
2026-02-17T09:52:23.264Z | OPTIONS /api/sensors | Auth: No
2026-02-17T09:52:23.273Z | GET /api/sensors | Auth: Invalid
2026-02-17T09:52:33.266Z | OPTIONS /api/sensors | Auth: No
2026-02-17T09:52:33.273Z | GET /api/sensors | Auth: Invalid
2026-02-17T09:52:43.266Z | OPTIONS /api/sensors | Auth: No
2026-02-17T09:52:43.271Z | GET /api/sensors | Auth: Invalid
2026-02-17T09:52:53.265Z | OPTIONS /api/sensors | Auth: No
2026-02-17T09:52:53.271Z | GET /api/sensors | Auth: Invalid
2026-02-17T09:53:03.265Z | OPTIONS /api/sensors | Auth: No
2026-02-17T09:53:03.269Z | GET /api/sensors | Auth: Invalid
2026-02-17T09:53:13.267Z | OPTIONS /api/sensors | Auth: No
2026-02-17T09:53:13.274Z | GET /api/sensors | Auth: Invalid
2026-02-17T09:53:23.266Z | OPTIONS /api/sensors | Auth: No
2026-02-17T09:53:23.274Z | GET /api/sensors | Auth: Invalid
2026-02-17T09:53:33.265Z | OPTIONS /api/sensors | Auth: No
2026-02-17T09:53:33.270Z | GET /api/sensors | Auth: Invalid
2026-02-17T09:53:43.265Z | OPTIONS /api/sensors | Auth: No
2026-02-17T09:53:43.272Z | GET /api/sensors | Auth: Invalid
2026-02-17T09:53:53.266Z | OPTIONS /api/sensors | Auth: No
2026-02-17T09:53:53.273Z | GET /api/sensors | Auth: Invalid
2026-02-17T09:54:03.264Z | OPTIONS /api/sensors | Auth: No
2026-02-17T09:54:03.272Z | GET /api/sensors | Auth: Invalid
2026-02-17T09:54:13.264Z | OPTIONS /api/sensors | Auth: No
2026-02-17T09:54:13.269Z | GET /api/sensors | Auth: Invalid
2026-02-17T09:54:23.264Z | OPTIONS /api/sensors | Auth: No
2026-02-17T09:54:23.268Z | GET /api/sensors | Auth: Invalid
2026-02-17T09:54:33.265Z | OPTIONS /api/sensors | Auth: No
2026-02-17T09:54:33.271Z | GET /api/sensors | Auth: Invalid
2026-02-17T09:54:43.264Z | OPTIONS /api/sensors | Auth: No
2026-02-17T09:54:43.273Z | GET /api/sensors | Auth: Invalid
2026-02-17T09:54:53.265Z | OPTIONS /api/sensors | Auth: No
2026-02-17T09:54:53.269Z | GET /api/sensors | Auth: Invalid
2026-02-17T09:55:03.265Z | OPTIONS /api/sensors | Auth: No
2026-02-17T09:55:03.269Z | GET /api/sensors | Auth: Invalid
2026-02-17T09:55:13.266Z | OPTIONS /api/sensors | Auth: No
2026-02-17T09:55:13.275Z | GET /api/sensors | Auth: Invalid
2026-02-17T09:55:23.266Z | OPTIONS /api/sensors | Auth: No
2026-02-17T09:55:23.273Z | GET /api/sensors | Auth: Invalid
2026-02-17T09:55:33.265Z | OPTIONS /api/sensors | Auth: No
2026-02-17T09:55:33.272Z | GET /api/sensors | Auth: Invalid
2026-02-17T09:55:43.267Z | OPTIONS /api/sensors | Auth: No
2026-02-17T09:55:43.273Z | GET /api/sensors | Auth: Invalid
2026-02-17T09:55:53.266Z | OPTIONS /api/sensors | Auth: No
2026-02-17T09:55:53.273Z | GET /api/sensors | Auth: Invalid
2026-02-17T09:56:03.265Z | OPTIONS /api/sensors | Auth: No
2026-02-17T09:56:03.273Z | GET /api/sensors | Auth: Invalid
2026-02-17T09:56:13.265Z | OPTIONS /api/sensors | Auth: No
2026-02-17T09:56:13.272Z | GET /api/sensors | Auth: Invalid
2026-02-17T09:56:23.265Z | OPTIONS /api/sensors | Auth: No
2026-02-17T09:56:23.271Z | GET /api/sensors | Auth: Invalid
2026-02-17T09:56:33.265Z | OPTIONS /api/sensors | Auth: No
2026-02-17T09:56:33.271Z | GET /api/sensors | Auth: Invalid
2026-02-17T09:56:43.266Z | OPTIONS /api/sensors | Auth: No
2026-02-17T09:56:43.274Z | GET /api/sensors | Auth: Invalid
2026-02-17T09:56:53.265Z | OPTIONS /api/sensors | Auth: No
2026-02-17T09:56:53.272Z | GET /api/sensors | Auth: Invalid
2026-02-17T09:57:03.264Z | OPTIONS /api/sensors | Auth: No
2026-02-17T09:57:03.270Z | GET /api/sensors | Auth: Invalid
2026-02-17T09:57:13.265Z | OPTIONS /api/sensors | Auth: No
2026-02-17T09:57:13.271Z | GET /api/sensors | Auth: Invalid
2026-02-17T09:57:23.266Z | OPTIONS /api/sensors | Auth: No
2026-02-17T09:57:23.268Z | GET /api/sensors | Auth: Invalid
2026-02-17T09:57:33.266Z | OPTIONS /api/sensors | Auth: No
2026-02-17T09:57:33.268Z | GET /api/sensors | Auth: Invalid
2026-02-17T09:57:43.265Z | OPTIONS /api/sensors | Auth: No
2026-02-17T09:57:43.270Z | GET /api/sensors | Auth: Invalid
2026-02-17T09:57:53.265Z | OPTIONS /api/sensors | Auth: No
2026-02-17T09:57:53.272Z | GET /api/sensors | Auth: Invalid
2026-02-17T09:58:03.265Z | OPTIONS /api/sensors | Auth: No
2026-02-17T09:58:03.272Z | GET /api/sensors | Auth: Invalid
2026-02-17T09:58:13.265Z | OPTIONS /api/sensors | Auth: No
2026-02-17T09:58:13.271Z | GET /api/sensors | Auth: Invalid
2026-02-17T09:58:23.264Z | OPTIONS /api/sensors | Auth: No
2026-02-17T09:58:23.269Z | GET /api/sensors | Auth: Invalid
2026-02-17T09:58:33.265Z | OPTIONS /api/sensors | Auth: No
2026-02-17T09:58:33.271Z | GET /api/sensors | Auth: Invalid
2026-02-17T09:58:43.265Z | OPTIONS /api/sensors | Auth: No
2026-02-17T09:58:43.269Z | GET /api/sensors | Auth: Invalid
2026-02-17T09:58:53.265Z | OPTIONS /api/sensors | Auth: No
2026-02-17T09:58:53.273Z | GET /api/sensors | Auth: Invalid
2026-02-17T09:59:03.264Z | OPTIONS /api/sensors | Auth: No
2026-02-17T09:59:03.273Z | GET /api/sensors | Auth: Invalid
2026-02-17T09:59:13.265Z | OPTIONS /api/sensors | Auth: No
2026-02-17T09:59:13.270Z | GET /api/sensors | Auth: Invalid
2026-02-17T09:59:23.266Z | OPTIONS /api/sensors | Auth: No
2026-02-17T09:59:23.274Z | GET /api/sensors | Auth: Invalid
2026-02-17T09:59:33.267Z | OPTIONS /api/sensors | Auth: No
2026-02-17T09:59:33.276Z | GET /api/sensors | Auth: Invalid
2026-02-17T09:59:43.265Z | OPTIONS /api/sensors | Auth: No
2026-02-17T09:59:43.271Z | GET /api/sensors | Auth: Invalid
2026-02-17T09:59:53.265Z | OPTIONS /api/sensors | Auth: No
2026-02-17T09:59:53.273Z | GET /api/sensors | Auth: Invalid
2026-02-17T10:00:03.265Z | OPTIONS /api/sensors | Auth: No
2026-02-17T10:00:03.272Z | GET /api/sensors | Auth: Invalid
2026-02-17T10:00:13.265Z | OPTIONS /api/sensors | Auth: No
2026-02-17T10:00:13.271Z | GET /api/sensors | Auth: Invalid
2026-02-17T10:00:23.265Z | OPTIONS /api/sensors | Auth: No
2026-02-17T10:00:23.270Z | GET /api/sensors | Auth: Invalid
2026-02-17T10:00:33.266Z | OPTIONS /api/sensors | Auth: No
2026-02-17T10:00:33.273Z | GET /api/sensors | Auth: Invalid
2026-02-17T10:00:43.265Z | OPTIONS /api/sensors | Auth: No
2026-02-17T10:00:43.272Z | GET /api/sensors | Auth: Invalid
2026-02-17T10:00:53.266Z | OPTIONS /api/sensors | Auth: No
2026-02-17T10:00:53.267Z | GET /api/sensors | Auth: Invalid
2026-02-17T10:01:03.266Z | OPTIONS /api/sensors | Auth: No
2026-02-17T10:01:03.274Z | GET /api/sensors | Auth: Invalid
2026-02-17T10:01:13.266Z | OPTIONS /api/sensors | Auth: No
2026-02-17T10:01:13.272Z | GET /api/sensors | Auth: Invalid
2026-02-17T10:01:23.266Z | OPTIONS /api/sensors | Auth: No
2026-02-17T10:01:23.273Z | GET /api/sensors | Auth: Invalid
2026-02-17T10:01:33.266Z | OPTIONS /api/sensors | Auth: No
2026-02-17T10:01:33.273Z | GET /api/sensors | Auth: Invalid
2026-02-17T10:01:43.265Z | OPTIONS /api/sensors | Auth: No
2026-02-17T10:01:43.274Z | GET /api/sensors | Auth: Invalid
2026-02-17T10:01:53.265Z | OPTIONS /api/sensors | Auth: No
2026-02-17T10:01:53.270Z | GET /api/sensors | Auth: Invalid
2026-02-17T10:02:03.265Z | OPTIONS /api/sensors | Auth: No
2026-02-17T10:02:03.273Z | GET /api/sensors | Auth: Invalid
2026-02-17T10:02:13.267Z | OPTIONS /api/sensors | Auth: No
2026-02-17T10:02:13.272Z | GET /api/sensors | Auth: Invalid
2026-02-17T10:02:23.265Z | OPTIONS /api/sensors | Auth: No
2026-02-17T10:02:23.269Z | GET /api/sensors | Auth: Invalid
2026-02-17T10:02:33.265Z | OPTIONS /api/sensors | Auth: No
2026-02-17T10:02:33.272Z | GET /api/sensors | Auth: Invalid
2026-02-17T10:02:43.264Z | OPTIONS /api/sensors | Auth: No
2026-02-17T10:02:43.269Z | GET /api/sensors | Auth: Invalid
2026-02-17T10:02:53.264Z | OPTIONS /api/sensors | Auth: No
2026-02-17T10:02:53.266Z | GET /api/sensors | Auth: Invalid
2026-02-17T10:03:03.265Z | OPTIONS /api/sensors | Auth: No
2026-02-17T10:03:03.269Z | GET /api/sensors | Auth: Invalid
2026-02-17T10:03:13.265Z | OPTIONS /api/sensors | Auth: No
2026-02-17T10:03:13.272Z | GET /api/sensors | Auth: Invalid
2026-02-17T10:03:23.266Z | OPTIONS /api/sensors | Auth: No
2026-02-17T10:03:23.274Z | GET /api/sensors | Auth: Invalid
2026-02-17T10:03:33.264Z | OPTIONS /api/sensors | Auth: No
2026-02-17T10:03:33.271Z | GET /api/sensors | Auth: Invalid
2026-02-17T10:03:43.265Z | OPTIONS /api/sensors | Auth: No
2026-02-17T10:03:43.273Z | GET /api/sensors | Auth: Invalid
2026-02-17T10:03:53.265Z | OPTIONS /api/sensors | Auth: No
2026-02-17T10:03:53.272Z | GET /api/sensors | Auth: Invalid
2026-02-17T10:04:03.267Z | OPTIONS /api/sensors | Auth: No
2026-02-17T10:04:03.274Z | GET /api/sensors | Auth: Invalid
2026-02-17T10:04:13.267Z | OPTIONS /api/sensors | Auth: No
2026-02-17T10:04:13.276Z | GET /api/sensors | Auth: Invalid
2026-02-17T10:04:23.265Z | OPTIONS /api/sensors | Auth: No
2026-02-17T10:04:23.270Z | GET /api/sensors | Auth: Invalid
2026-02-17T10:04:33.265Z | OPTIONS /api/sensors | Auth: No
2026-02-17T10:04:33.273Z | GET /api/sensors | Auth: Invalid
2026-02-17T10:04:43.265Z | OPTIONS /api/sensors | Auth: No
2026-02-17T10:04:43.270Z | GET /api/sensors | Auth: Invalid
2026-02-17T10:04:53.265Z | OPTIONS /api/sensors | Auth: No
2026-02-17T10:04:53.270Z | GET /api/sensors | Auth: Invalid
2026-02-17T10:05:03.264Z | OPTIONS /api/sensors | Auth: No
2026-02-17T10:05:03.266Z | GET /api/sensors | Auth: Invalid
2026-02-17T10:05:13.265Z | OPTIONS /api/sensors | Auth: No
2026-02-17T10:05:13.271Z | GET /api/sensors | Auth: Invalid
2026-02-17T10:05:23.266Z | OPTIONS /api/sensors | Auth: No
2026-02-17T10:05:23.272Z | GET /api/sensors | Auth: Invalid
2026-02-17T10:05:33.266Z | OPTIONS /api/sensors | Auth: No
2026-02-17T10:05:33.273Z | GET /api/sensors | Auth: Invalid
2026-02-17T10:05:43.264Z | OPTIONS /api/sensors | Auth: No
2026-02-17T10:05:43.271Z | GET /api/sensors | Auth: Invalid
2026-02-17T10:05:53.264Z | OPTIONS /api/sensors | Auth: No
2026-02-17T10:05:53.269Z | GET /api/sensors | Auth: Invalid
2026-02-17T10:06:03.265Z | OPTIONS /api/sensors | Auth: No
2026-02-17T10:06:03.271Z | GET /api/sensors | Auth: Invalid
2026-02-17T10:06:13.266Z | OPTIONS /api/sensors | Auth: No
2026-02-17T10:06:13.270Z | GET /api/sensors | Auth: Invalid
2026-02-17T10:06:23.265Z | OPTIONS /api/sensors | Auth: No
2026-02-17T10:06:23.273Z | GET /api/sensors | Auth: Invalid
2026-02-17T10:06:33.266Z | OPTIONS /api/sensors | Auth: No
2026-02-17T10:06:33.274Z | GET /api/sensors | Auth: Invalid
2026-02-17T10:06:43.267Z | OPTIONS /api/sensors | Auth: No
2026-02-17T10:06:43.273Z | GET /api/sensors | Auth: Invalid
2026-02-17T10:06:53.266Z | OPTIONS /api/sensors | Auth: No
2026-02-17T10:06:53.271Z | GET /api/sensors | Auth: Invalid
2026-02-17T10:07:03.266Z | OPTIONS /api/sensors | Auth: No
2026-02-17T10:07:03.273Z | GET /api/sensors | Auth: Invalid
2026-02-17T10:07:13.265Z | OPTIONS /api/sensors | Auth: No
2026-02-17T10:07:13.272Z | GET /api/sensors | Auth: Invalid
2026-02-17T10:07:23.266Z | OPTIONS /api/sensors | Auth: No
2026-02-17T10:07:23.271Z | GET /api/sensors | Auth: Invalid
2026-02-17T10:07:33.266Z | OPTIONS /api/sensors | Auth: No
2026-02-17T10:07:33.273Z | GET /api/sensors | Auth: Invalid
2026-02-17T10:07:43.265Z | OPTIONS /api/sensors | Auth: No
2026-02-17T10:07:43.272Z | GET /api/sensors | Auth: Invalid
2026-02-17T10:07:53.265Z | OPTIONS /api/sensors | Auth: No
2026-02-17T10:07:53.271Z | GET /api/sensors | Auth: Invalid
2026-02-17T10:08:03.266Z | OPTIONS /api/sensors | Auth: No
2026-02-17T10:08:03.274Z | GET /api/sensors | Auth: Invalid
2026-02-17T10:08:13.266Z | OPTIONS /api/sensors | Auth: No
2026-02-17T10:08:13.273Z | GET /api/sensors | Auth: Invalid
2026-02-17T10:08:23.265Z | OPTIONS /api/sensors | Auth: No
2026-02-17T10:08:23.270Z | GET /api/sensors | Auth: Invalid
2026-02-17T10:08:33.266Z | OPTIONS /api/sensors | Auth: No
2026-02-17T10:08:33.271Z | GET /api/sensors | Auth: Invalid
2026-02-17T10:08:43.265Z | OPTIONS /api/sensors | Auth: No
2026-02-17T10:08:43.273Z | GET /api/sensors | Auth: Invalid
2026-02-17T10:08:53.265Z | OPTIONS /api/sensors | Auth: No
2026-02-17T10:08:53.272Z | GET /api/sensors | Auth: Invalid
2026-02-17T10:09:03.266Z | OPTIONS /api/sensors | Auth: No
2026-02-17T10:09:03.274Z | GET /api/sensors | Auth: Invalid
2026-02-17T10:09:13.266Z | OPTIONS /api/sensors | Auth: No
2026-02-17T10:09:13.276Z | GET /api/sensors | Auth: Invalid
2026-02-17T10:09:23.264Z | OPTIONS /api/sensors | Auth: No
2026-02-17T10:09:23.270Z | GET /api/sensors | Auth: Invalid
2026-02-17T10:09:33.263Z | OPTIONS /api/sensors | Auth: No
2026-02-17T10:09:33.271Z | GET /api/sensors | Auth: Invalid
2026-02-17T10:09:43.263Z | OPTIONS /api/sensors | Auth: No
2026-02-17T10:09:43.271Z | GET /api/sensors | Auth: Invalid
2026-02-17T10:09:53.265Z | OPTIONS /api/sensors | Auth: No
2026-02-17T10:09:53.267Z | GET /api/sensors | Auth: Invalid
2026-02-17T10:10:03.265Z | OPTIONS /api/sensors | Auth: No
2026-02-17T10:10:03.271Z | GET /api/sensors | Auth: Invalid
2026-02-17T10:10:13.265Z | OPTIONS /api/sensors | Auth: No
2026-02-17T10:10:13.273Z | GET /api/sensors | Auth: Invalid
2026-02-17T10:10:23.265Z | OPTIONS /api/sensors | Auth: No
2026-02-17T10:10:23.273Z | GET /api/sensors | Auth: Invalid
2026-02-17T10:10:33.266Z | OPTIONS /api/sensors | Auth: No
2026-02-17T10:10:33.271Z | GET /api/sensors | Auth: Invalid
2026-02-17T10:10:43.267Z | OPTIONS /api/sensors | Auth: No
2026-02-17T10:10:43.271Z | GET /api/sensors | Auth: Invalid
2026-02-17T10:10:53.266Z | OPTIONS /api/sensors | Auth: No
2026-02-17T10:10:53.270Z | GET /api/sensors | Auth: Invalid
2026-02-17T10:11:03.265Z | OPTIONS /api/sensors | Auth: No
2026-02-17T10:11:03.276Z | GET /api/sensors | Auth: Invalid
2026-02-17T10:11:13.265Z | OPTIONS /api/sensors | Auth: No
2026-02-17T10:11:13.273Z | GET /api/sensors | Auth: Invalid
2026-02-17T10:11:23.265Z | OPTIONS /api/sensors | Auth: No
2026-02-17T10:11:23.273Z | GET /api/sensors | Auth: Invalid
2026-02-17T10:11:33.265Z | OPTIONS /api/sensors | Auth: No
2026-02-17T10:11:33.273Z | GET /api/sensors | Auth: Invalid
2026-02-17T10:11:43.265Z | OPTIONS /api/sensors | Auth: No
2026-02-17T10:11:43.268Z | GET /api/sensors | Auth: Invalid
2026-02-17T10:11:53.265Z | OPTIONS /api/sensors | Auth: No
2026-02-17T10:11:53.270Z | GET /api/sensors | Auth: Invalid
2026-02-17T10:12:03.265Z | OPTIONS /api/sensors | Auth: No
2026-02-17T10:12:03.273Z | GET /api/sensors | Auth: Invalid
2026-02-17T10:12:13.267Z | OPTIONS /api/sensors | Auth: No
2026-02-17T10:12:13.273Z | GET /api/sensors | Auth: Invalid
2026-02-17T10:12:23.265Z | OPTIONS /api/sensors | Auth: No
2026-02-17T10:12:23.271Z | GET /api/sensors | Auth: Invalid
2026-02-17T10:12:33.265Z | OPTIONS /api/sensors | Auth: No
2026-02-17T10:12:33.269Z | GET /api/sensors | Auth: Invalid
2026-02-17T10:12:43.265Z | OPTIONS /api/sensors | Auth: No
2026-02-17T10:12:43.269Z | GET /api/sensors | Auth: Invalid
2026-02-17T10:12:53.266Z | OPTIONS /api/sensors | Auth: No
2026-02-17T10:12:53.271Z | GET /api/sensors | Auth: Invalid
2026-02-17T10:13:03.265Z | OPTIONS /api/sensors | Auth: No
2026-02-17T10:13:03.272Z | GET /api/sensors | Auth: Invalid
2026-02-17T10:13:13.265Z | OPTIONS /api/sensors | Auth: No
2026-02-17T10:13:13.273Z | GET /api/sensors | Auth: Invalid
2026-02-17T10:13:23.267Z | OPTIONS /api/sensors | Auth: No
2026-02-17T10:13:23.273Z | GET /api/sensors | Auth: Invalid
2026-02-17T10:13:33.265Z | OPTIONS /api/sensors | Auth: No
2026-02-17T10:13:33.269Z | GET /api/sensors | Auth: Invalid
2026-02-17T10:13:43.265Z | OPTIONS /api/sensors | Auth: No
2026-02-17T10:13:43.274Z | GET /api/sensors | Auth: Invalid
2026-02-17T10:13:53.265Z | OPTIONS /api/sensors | Auth: No
2026-02-17T10:13:53.273Z | GET /api/sensors | Auth: Invalid
2026-02-17T10:14:03.265Z | OPTIONS /api/sensors | Auth: No
2026-02-17T10:14:03.271Z | GET /api/sensors | Auth: Invalid
2026-02-17T10:14:13.264Z | OPTIONS /api/sensors | Auth: No
2026-02-17T10:14:13.268Z | GET /api/sensors | Auth: Invalid
2026-02-17T10:14:23.265Z | OPTIONS /api/sensors | Auth: No
2026-02-17T10:14:23.273Z | GET /api/sensors | Auth: Invalid
2026-02-17T10:14:33.265Z | OPTIONS /api/sensors | Auth: No
2026-02-17T10:14:33.273Z | GET /api/sensors | Auth: Invalid
2026-02-17T10:14:43.265Z | OPTIONS /api/sensors | Auth: No
2026-02-17T10:14:43.270Z | GET /api/sensors | Auth: Invalid
2026-02-17T10:14:53.265Z | OPTIONS /api/sensors | Auth: No
2026-02-17T10:14:53.271Z | GET /api/sensors | Auth: Invalid
2026-02-17T10:15:03.265Z | OPTIONS /api/sensors | Auth: No
2026-02-17T10:15:03.274Z | GET /api/sensors | Auth: Invalid
2026-02-17T10:15:13.264Z | OPTIONS /api/sensors | Auth: No
2026-02-17T10:15:13.271Z | GET /api/sensors | Auth: Invalid
2026-02-17T10:15:23.265Z | OPTIONS /api/sensors | Auth: No
2026-02-17T10:15:23.272Z | GET /api/sensors | Auth: Invalid
2026-02-17T10:15:33.265Z | OPTIONS /api/sensors | Auth: No
2026-02-17T10:15:33.273Z | GET /api/sensors | Auth: Invalid
2026-02-17T10:15:43.265Z | OPTIONS /api/sensors | Auth: No
2026-02-17T10:15:43.272Z | GET /api/sensors | Auth: Invalid
2026-02-17T10:15:53.265Z | OPTIONS /api/sensors | Auth: No
2026-02-17T10:15:53.272Z | GET /api/sensors | Auth: Invalid
2026-02-17T10:16:03.265Z | OPTIONS /api/sensors | Auth: No
2026-02-17T10:16:03.266Z | GET /api/sensors | Auth: Invalid
2026-02-17T10:16:13.265Z | OPTIONS /api/sensors | Auth: No
2026-02-17T10:16:13.269Z | GET /api/sensors | Auth: Invalid
2026-02-17T10:16:23.265Z | OPTIONS /api/sensors | Auth: No
2026-02-17T10:16:23.273Z | GET /api/sensors | Auth: Invalid
2026-02-17T10:16:33.266Z | OPTIONS /api/sensors | Auth: No
2026-02-17T10:16:33.269Z | GET /api/sensors | Auth: Invalid
2026-02-17T10:16:43.265Z | OPTIONS /api/sensors | Auth: No
2026-02-17T10:16:43.273Z | GET /api/sensors | Auth: Invalid
2026-02-17T10:16:53.265Z | OPTIONS /api/sensors | Auth: No
2026-02-17T10:16:53.270Z | GET /api/sensors | Auth: Invalid
2026-02-17T10:17:03.264Z | OPTIONS /api/sensors | Auth: No
2026-02-17T10:17:03.270Z | GET /api/sensors | Auth: Invalid
2026-02-17T10:17:13.265Z | OPTIONS /api/sensors | Auth: No
2026-02-17T10:17:13.269Z | GET /api/sensors | Auth: Invalid
2026-02-17T10:17:23.265Z | OPTIONS /api/sensors | Auth: No
2026-02-17T10:17:23.269Z | GET /api/sensors | Auth: Invalid
2026-02-17T10:17:33.266Z | OPTIONS /api/sensors | Auth: No
2026-02-17T10:17:33.272Z | GET /api/sensors | Auth: Invalid
2026-02-17T10:17:43.264Z | OPTIONS /api/sensors | Auth: No
2026-02-17T10:17:43.271Z | GET /api/sensors | Auth: Invalid
2026-02-17T10:17:53.265Z | OPTIONS /api/sensors | Auth: No
2026-02-17T10:17:53.272Z | GET /api/sensors | Auth: Invalid
2026-02-17T10:18:03.265Z | OPTIONS /api/sensors | Auth: No
2026-02-17T10:18:03.271Z | GET /api/sensors | Auth: Invalid
2026-02-17T10:18:13.265Z | OPTIONS /api/sensors | Auth: No
2026-02-17T10:18:13.271Z | GET /api/sensors | Auth: Invalid
2026-02-17T10:18:23.265Z | OPTIONS /api/sensors | Auth: No
2026-02-17T10:18:23.272Z | GET /api/sensors | Auth: Invalid
2026-02-17T10:18:33.265Z | OPTIONS /api/sensors | Auth: No
2026-02-17T10:18:33.271Z | GET /api/sensors | Auth: Invalid
2026-02-17T10:18:43.265Z | OPTIONS /api/sensors | Auth: No
2026-02-17T10:18:43.271Z | GET /api/sensors | Auth: Invalid
2026-02-17T10:18:53.266Z | OPTIONS /api/sensors | Auth: No
2026-02-17T10:18:53.274Z | GET /api/sensors | Auth: Invalid
2026-02-17T10:19:03.265Z | OPTIONS /api/sensors | Auth: No
2026-02-17T10:19:03.270Z | GET /api/sensors | Auth: Invalid
2026-02-17T10:19:13.265Z | OPTIONS /api/sensors | Auth: No
2026-02-17T10:19:13.273Z | GET /api/sensors | Auth: Invalid
2026-02-17T10:19:23.265Z | OPTIONS /api/sensors | Auth: No
2026-02-17T10:19:23.271Z | GET /api/sensors | Auth: Invalid
2026-02-17T10:19:33.265Z | OPTIONS /api/sensors | Auth: No
2026-02-17T10:19:33.272Z | GET /api/sensors | Auth: Invalid
2026-02-17T10:19:43.265Z | OPTIONS /api/sensors | Auth: No
2026-02-17T10:19:43.274Z | GET /api/sensors | Auth: Invalid
2026-02-17T10:19:53.267Z | OPTIONS /api/sensors | Auth: No
2026-02-17T10:19:53.273Z | GET /api/sensors | Auth: Invalid
2026-02-17T10:20:03.265Z | OPTIONS /api/sensors | Auth: No
2026-02-17T10:20:03.270Z | GET /api/sensors | Auth: Invalid
2026-02-17T10:20:13.265Z | OPTIONS /api/sensors | Auth: No
2026-02-17T10:20:13.271Z | GET /api/sensors | Auth: Invalid
2026-02-17T10:20:23.265Z | OPTIONS /api/sensors | Auth: No
2026-02-17T10:20:23.273Z | GET /api/sensors | Auth: Invalid
2026-02-17T10:20:33.265Z | OPTIONS /api/sensors | Auth: No
2026-02-17T10:20:33.271Z | GET /api/sensors | Auth: Invalid
2026-02-17T10:20:43.265Z | OPTIONS /api/sensors | Auth: No
2026-02-17T10:20:43.271Z | GET /api/sensors | Auth: Invalid
2026-02-17T10:20:53.301Z | OPTIONS /api/sensors | Auth: No
2026-02-17T10:20:53.309Z | GET /api/sensors | Auth: Invalid
2026-02-17T10:21:03.265Z | OPTIONS /api/sensors | Auth: No
2026-02-17T10:21:03.269Z | GET /api/sensors | Auth: Invalid
2026-02-17T10:21:13.265Z | OPTIONS /api/sensors | Auth: No
2026-02-17T10:21:13.270Z | GET /api/sensors | Auth: Invalid
2026-02-17T10:21:23.265Z | OPTIONS /api/sensors | Auth: No
2026-02-17T10:21:23.271Z | GET /api/sensors | Auth: Invalid
2026-02-17T10:21:33.264Z | OPTIONS /api/sensors | Auth: No
2026-02-17T10:21:33.272Z | GET /api/sensors | Auth: Invalid
2026-02-17T10:21:43.265Z | OPTIONS /api/sensors | Auth: No
2026-02-17T10:21:43.274Z | GET /api/sensors | Auth: Invalid
2026-02-17T10:21:53.265Z | OPTIONS /api/sensors | Auth: No
2026-02-17T10:21:53.273Z | GET /api/sensors | Auth: Invalid
2026-02-17T10:22:03.265Z | OPTIONS /api/sensors | Auth: No
2026-02-17T10:22:03.271Z | GET /api/sensors | Auth: Invalid
2026-02-17T10:22:13.265Z | OPTIONS /api/sensors | Auth: No
2026-02-17T10:22:13.268Z | GET /api/sensors | Auth: Invalid
2026-02-17T10:22:23.265Z | OPTIONS /api/sensors | Auth: No
2026-02-17T10:22:23.268Z | GET /api/sensors | Auth: Invalid
2026-02-17T10:22:33.265Z | OPTIONS /api/sensors | Auth: No
2026-02-17T10:22:33.269Z | GET /api/sensors | Auth: Invalid
2026-02-17T10:22:43.265Z | OPTIONS /api/sensors | Auth: No
2026-02-17T10:22:43.273Z | GET /api/sensors | Auth: Invalid
2026-02-17T10:22:53.265Z | OPTIONS /api/sensors | Auth: No
2026-02-17T10:22:53.273Z | GET /api/sensors | Auth: Invalid
2026-02-17T10:23:03.265Z | OPTIONS /api/sensors | Auth: No
2026-02-17T10:23:03.270Z | GET /api/sensors | Auth: Invalid
2026-02-17T10:23:13.265Z | OPTIONS /api/sensors | Auth: No
2026-02-17T10:23:13.271Z | GET /api/sensors | Auth: Invalid
2026-02-17T10:23:23.265Z | OPTIONS /api/sensors | Auth: No
2026-02-17T10:23:23.273Z | GET /api/sensors | Auth: Invalid
2026-02-17T10:23:33.265Z | OPTIONS /api/sensors | Auth: No
2026-02-17T10:23:33.271Z | GET /api/sensors | Auth: Invalid
2026-02-17T10:23:43.265Z | OPTIONS /api/sensors | Auth: No
2026-02-17T10:23:43.271Z | GET /api/sensors | Auth: Invalid
2026-02-17T10:23:53.265Z | OPTIONS /api/sensors | Auth: No
2026-02-17T10:23:53.272Z | GET /api/sensors | Auth: Invalid
2026-02-17T10:24:03.265Z | OPTIONS /api/sensors | Auth: No
2026-02-17T10:24:03.271Z | GET /api/sensors | Auth: Invalid
2026-02-17T10:24:13.265Z | OPTIONS /api/sensors | Auth: No
2026-02-17T10:24:13.273Z | GET /api/sensors | Auth: Invalid
2026-02-17T10:24:23.265Z | OPTIONS /api/sensors | Auth: No
2026-02-17T10:24:23.273Z | GET /api/sensors | Auth: Invalid
2026-02-17T10:24:33.265Z | OPTIONS /api/sensors | Auth: No
2026-02-17T10:24:33.273Z | GET /api/sensors | Auth: Invalid
2026-02-17T10:24:43.261Z | OPTIONS /api/sensors | Auth: No
2026-02-17T10:24:43.265Z | GET /api/sensors | Auth: Invalid
2026-02-17T10:24:53.265Z | OPTIONS /api/sensors | Auth: No
2026-02-17T10:24:53.269Z | GET /api/sensors | Auth: Invalid
2026-02-17T10:25:03.267Z | OPTIONS /api/sensors | Auth: No
2026-02-17T10:25:03.275Z | GET /api/sensors | Auth: Invalid
2026-02-17T10:25:13.265Z | OPTIONS /api/sensors | Auth: No
2026-02-17T10:25:13.268Z | GET /api/sensors | Auth: Invalid
2026-02-17T10:25:23.265Z | OPTIONS /api/sensors | Auth: No
2026-02-17T10:25:23.274Z | GET /api/sensors | Auth: Invalid
2026-02-17T10:25:33.266Z | OPTIONS /api/sensors | Auth: No
2026-02-17T10:25:33.272Z | GET /api/sensors | Auth: Invalid
2026-02-17T10:25:43.265Z | OPTIONS /api/sensors | Auth: No
2026-02-17T10:25:43.274Z | GET /api/sensors | Auth: Invalid
2026-02-17T10:25:53.267Z | OPTIONS /api/sensors | Auth: No
2026-02-17T10:25:53.274Z | GET /api/sensors | Auth: Invalid
2026-02-17T10:26:03.263Z | OPTIONS /api/sensors | Auth: No
2026-02-17T10:26:03.266Z | GET /api/sensors | Auth: Invalid
2026-02-17T10:26:13.265Z | OPTIONS /api/sensors | Auth: No
2026-02-17T10:26:13.270Z | GET /api/sensors | Auth: Invalid
2026-02-17T10:26:23.265Z | OPTIONS /api/sensors | Auth: No
2026-02-17T10:26:23.273Z | GET /api/sensors | Auth: Invalid
2026-02-17T10:26:33.265Z | OPTIONS /api/sensors | Auth: No
2026-02-17T10:26:33.270Z | GET /api/sensors | Auth: Invalid
2026-02-17T10:26:43.266Z | OPTIONS /api/sensors | Auth: No
2026-02-17T10:26:43.271Z | GET /api/sensors | Auth: Invalid
2026-02-17T10:26:53.265Z | OPTIONS /api/sensors | Auth: No
2026-02-17T10:26:53.272Z | GET /api/sensors | Auth: Invalid
2026-02-17T10:27:03.265Z | OPTIONS /api/sensors | Auth: No
2026-02-17T10:27:03.268Z | GET /api/sensors | Auth: Invalid
2026-02-17T10:27:13.265Z | OPTIONS /api/sensors | Auth: No
2026-02-17T10:27:13.273Z | GET /api/sensors | Auth: Invalid
2026-02-17T10:27:23.265Z | OPTIONS /api/sensors | Auth: No
2026-02-17T10:27:23.273Z | GET /api/sensors | Auth: Invalid
2026-02-17T10:27:33.266Z | OPTIONS /api/sensors | Auth: No
2026-02-17T10:27:33.274Z | GET /api/sensors | Auth: Invalid
2026-02-17T10:27:43.264Z | OPTIONS /api/sensors | Auth: No
2026-02-17T10:27:43.267Z | GET /api/sensors | Auth: Invalid
2026-02-17T10:27:53.264Z | OPTIONS /api/sensors | Auth: No
2026-02-17T10:27:53.272Z | GET /api/sensors | Auth: Invalid
2026-02-17T10:28:03.264Z | OPTIONS /api/sensors | Auth: No
2026-02-17T10:28:03.271Z | GET /api/sensors | Auth: Invalid
2026-02-17T10:28:13.265Z | OPTIONS /api/sensors | Auth: No
2026-02-17T10:28:13.271Z | GET /api/sensors | Auth: Invalid
2026-02-17T10:28:23.265Z | OPTIONS /api/sensors | Auth: No
2026-02-17T10:28:23.269Z | GET /api/sensors | Auth: Invalid
2026-02-17T10:28:33.265Z | OPTIONS /api/sensors | Auth: No
2026-02-17T10:28:33.273Z | GET /api/sensors | Auth: Invalid
2026-02-17T10:28:43.265Z | OPTIONS /api/sensors | Auth: No
2026-02-17T10:28:43.271Z | GET /api/sensors | Auth: Invalid
2026-02-17T10:28:53.264Z | OPTIONS /api/sensors | Auth: No
2026-02-17T10:28:53.273Z | GET /api/sensors | Auth: Invalid
2026-02-17T10:29:03.264Z | OPTIONS /api/sensors | Auth: No
2026-02-17T10:29:03.271Z | GET /api/sensors | Auth: Invalid
2026-02-17T10:29:13.265Z | OPTIONS /api/sensors | Auth: No
2026-02-17T10:29:13.272Z | GET /api/sensors | Auth: Invalid
2026-02-17T10:29:23.265Z | OPTIONS /api/sensors | Auth: No
2026-02-17T10:29:23.273Z | GET /api/sensors | Auth: Invalid
2026-02-17T10:29:33.265Z | OPTIONS /api/sensors | Auth: No
2026-02-17T10:29:33.271Z | GET /api/sensors | Auth: Invalid
2026-02-17T10:29:43.265Z | OPTIONS /api/sensors | Auth: No
2026-02-17T10:29:43.272Z | GET /api/sensors | Auth: Invalid
2026-02-17T10:29:53.265Z | OPTIONS /api/sensors | Auth: No
2026-02-17T10:29:53.274Z | GET /api/sensors | Auth: Invalid
2026-02-17T10:30:03.265Z | OPTIONS /api/sensors | Auth: No
2026-02-17T10:30:03.273Z | GET /api/sensors | Auth: Invalid
2026-02-17T10:30:13.265Z | OPTIONS /api/sensors | Auth: No
2026-02-17T10:30:13.273Z | GET /api/sensors | Auth: Invalid
2026-02-17T10:30:23.265Z | OPTIONS /api/sensors | Auth: No
2026-02-17T10:30:23.272Z | GET /api/sensors | Auth: Invalid
2026-02-17T10:30:33.266Z | OPTIONS /api/sensors | Auth: No
2026-02-17T10:30:33.271Z | GET /api/sensors | Auth: Invalid
2026-02-17T10:30:43.266Z | OPTIONS /api/sensors | Auth: No
2026-02-17T10:30:43.275Z | GET /api/sensors | Auth: Invalid
2026-02-17T10:30:53.265Z | OPTIONS /api/sensors | Auth: No
2026-02-17T10:30:53.269Z | GET /api/sensors | Auth: Invalid
2026-02-17T10:31:03.265Z | OPTIONS /api/sensors | Auth: No
2026-02-17T10:31:03.273Z | GET /api/sensors | Auth: Invalid
2026-02-17T10:31:13.265Z | OPTIONS /api/sensors | Auth: No
2026-02-17T10:31:13.269Z | GET /api/sensors | Auth: Invalid
2026-02-17T10:31:23.265Z | OPTIONS /api/sensors | Auth: No
2026-02-17T10:31:23.270Z | GET /api/sensors | Auth: Invalid
2026-02-17T10:31:33.265Z | OPTIONS /api/sensors | Auth: No
2026-02-17T10:31:33.274Z | GET /api/sensors | Auth: Invalid
2026-02-17T10:31:43.265Z | OPTIONS /api/sensors | Auth: No
2026-02-17T10:31:53.263Z | OPTIONS /api/sensors | Auth: No
2026-02-17T10:32:03.262Z | OPTIONS /api/sensors | Auth: No
2026-02-17T10:32:03.271Z | GET /api/sensors | Auth: Invalid
2026-02-17T10:32:13.265Z | OPTIONS /api/sensors | Auth: No
2026-02-17T10:32:13.276Z | GET /api/sensors | Auth: Invalid
2026-02-17T10:32:23.264Z | OPTIONS /api/sensors | Auth: No
2026-02-17T10:32:23.270Z | GET /api/sensors | Auth: Invalid
2026-02-17T10:32:33.262Z | OPTIONS /api/sensors | Auth: No
2026-02-17T10:32:33.274Z | GET /api/sensors | Auth: Invalid
2026-02-17T10:32:35.292Z | GET /api/sensors | Auth: Invalid
2026-02-17T10:32:43.263Z | OPTIONS /api/sensors | Auth: No
2026-02-17T10:32:53.262Z | OPTIONS /api/sensors | Auth: No
2026-02-17T10:32:53.267Z | GET /api/sensors | Auth: Invalid
2026-02-17T10:33:03.266Z | OPTIONS /api/sensors | Auth: No
2026-02-17T10:33:03.275Z | GET /api/sensors | Auth: Invalid
2026-02-17T10:33:05.303Z | GET /api/sensors | Auth: Invalid
2026-02-17T10:33:13.264Z | OPTIONS /api/sensors | Auth: No
2026-02-17T10:33:23.265Z | OPTIONS /api/sensors | Auth: No
2026-02-17T10:33:23.275Z | GET /api/sensors | Auth: Invalid
2026-02-17T10:33:33.265Z | OPTIONS /api/sensors | Auth: No
2026-02-17T10:33:33.272Z | GET /api/sensors | Auth: Invalid
2026-02-17T10:33:35.319Z | GET /api/sensors | Auth: Invalid
2026-02-17T10:33:43.265Z | OPTIONS /api/sensors | Auth: No
2026-02-17T10:33:53.265Z | OPTIONS /api/sensors | Auth: No
2026-02-17T10:33:53.272Z | GET /api/sensors | Auth: Invalid
2026-02-17T10:34:03.265Z | OPTIONS /api/sensors | Auth: No
2026-02-17T10:34:03.276Z | GET /api/sensors | Auth: Invalid
2026-02-17T10:34:05.337Z | GET /api/sensors | Auth: Invalid
2026-02-17T10:34:13.266Z | OPTIONS /api/sensors | Auth: No
2026-02-17T10:34:23.263Z | OPTIONS /api/sensors | Auth: No
2026-02-17T10:34:23.274Z | GET /api/sensors | Auth: Invalid
2026-02-17T10:34:33.262Z | OPTIONS /api/sensors | Auth: No
2026-02-17T10:34:33.275Z | GET /api/sensors | Auth: Invalid
2026-02-17T10:34:35.349Z | GET /api/sensors | Auth: Invalid
2026-02-17T10:34:43.266Z | OPTIONS /api/sensors | Auth: No
2026-02-17T10:34:53.264Z | OPTIONS /api/sensors | Auth: No
2026-02-17T10:34:53.270Z | GET /api/sensors | Auth: Invalid
2026-02-17T10:35:03.263Z | OPTIONS /api/sensors | Auth: No
2026-02-17T10:35:03.273Z | GET /api/sensors | Auth: Invalid
2026-02-17T10:35:05.361Z | GET /api/sensors | Auth: Invalid
2026-02-17T10:35:13.262Z | OPTIONS /api/sensors | Auth: No
2026-02-17T10:35:23.264Z | OPTIONS /api/sensors | Auth: No
2026-02-17T10:35:23.273Z | GET /api/sensors | Auth: Invalid
2026-02-17T10:35:33.265Z | OPTIONS /api/sensors | Auth: No
2026-02-17T10:35:33.271Z | GET /api/sensors | Auth: Invalid
2026-02-17T10:35:35.376Z | GET /api/sensors | Auth: Invalid
2026-02-17T10:35:43.266Z | OPTIONS /api/sensors | Auth: No
2026-02-17T10:35:53.263Z | OPTIONS /api/sensors | Auth: No
2026-02-17T10:35:53.271Z | GET /api/sensors | Auth: Invalid
2026-02-17T10:36:03.266Z | OPTIONS /api/sensors | Auth: No
2026-02-17T10:36:03.277Z | GET /api/sensors | Auth: Invalid
2026-02-17T10:36:05.392Z | GET /api/sensors | Auth: Invalid
2026-02-17T10:36:13.265Z | OPTIONS /api/sensors | Auth: No
2026-02-17T10:36:23.263Z | OPTIONS /api/sensors | Auth: No
2026-02-17T10:36:23.277Z | GET /api/sensors | Auth: Invalid
2026-02-17T10:36:33.265Z | OPTIONS /api/sensors | Auth: No
2026-02-17T10:36:33.272Z | GET /api/sensors | Auth: Invalid
2026-02-17T10:36:35.402Z | GET /api/sensors | Auth: Invalid
2026-02-17T10:36:43.262Z | OPTIONS /api/sensors | Auth: No
2026-02-17T10:36:53.265Z | OPTIONS /api/sensors | Auth: No
2026-02-17T10:36:53.273Z | GET /api/sensors | Auth: Invalid
2026-02-17T10:37:03.262Z | OPTIONS /api/sensors | Auth: No
2026-02-17T10:37:03.268Z | GET /api/sensors | Auth: Invalid
2026-02-17T10:37:05.413Z | GET /api/sensors | Auth: Invalid
2026-02-17T10:37:13.266Z | OPTIONS /api/sensors | Auth: No
2026-02-17T10:37:23.263Z | OPTIONS /api/sensors | Auth: No
2026-02-17T10:37:23.271Z | GET /api/sensors | Auth: Invalid
2026-02-17T10:37:33.267Z | OPTIONS /api/sensors | Auth: No
2026-02-17T10:37:33.278Z | GET /api/sensors | Auth: Invalid
2026-02-17T10:37:35.423Z | GET /api/sensors | Auth: Invalid
2026-02-17T10:37:43.266Z | OPTIONS /api/sensors | Auth: No
2026-02-17T10:37:53.265Z | OPTIONS /api/sensors | Auth: No
2026-02-17T10:37:53.280Z | GET /api/sensors | Auth: Invalid
2026-02-17T10:38:03.265Z | OPTIONS /api/sensors | Auth: No
2026-02-17T10:38:03.273Z | GET /api/sensors | Auth: Invalid
2026-02-17T10:38:05.433Z | GET /api/sensors | Auth: Invalid
2026-02-17T10:38:13.265Z | OPTIONS /api/sensors | Auth: No
2026-02-17T10:38:23.262Z | OPTIONS /api/sensors | Auth: No
2026-02-17T10:38:23.273Z | GET /api/sensors | Auth: Invalid
2026-02-17T10:38:33.263Z | OPTIONS /api/sensors | Auth: No
2026-02-17T10:38:33.273Z | GET /api/sensors | Auth: Invalid
2026-02-17T10:38:35.444Z | GET /api/sensors | Auth: Invalid
2026-02-17T10:38:43.264Z | OPTIONS /api/sensors | Auth: No
2026-02-17T10:38:53.262Z | OPTIONS /api/sensors | Auth: No
2026-02-17T10:38:53.271Z | GET /api/sensors | Auth: Invalid
2026-02-17T10:39:03.265Z | OPTIONS /api/sensors | Auth: No
2026-02-17T10:39:03.273Z | GET /api/sensors | Auth: Invalid
2026-02-17T10:39:05.457Z | GET /api/sensors | Auth: Invalid
2026-02-17T10:39:13.263Z | OPTIONS /api/sensors | Auth: No
2026-02-17T10:39:23.263Z | OPTIONS /api/sensors | Auth: No
2026-02-17T10:39:23.273Z | GET /api/sensors | Auth: Invalid
2026-02-17T10:39:33.266Z | OPTIONS /api/sensors | Auth: No
2026-02-17T10:39:33.273Z | GET /api/sensors | Auth: Invalid
2026-02-17T10:39:35.477Z | GET /api/sensors | Auth: Invalid
2026-02-17T10:39:43.264Z | OPTIONS /api/sensors | Auth: No
2026-02-17T10:39:53.263Z | OPTIONS /api/sensors | Auth: No
2026-02-17T10:39:53.273Z | GET /api/sensors | Auth: Invalid
2026-02-17T10:40:03.266Z | OPTIONS /api/sensors | Auth: No
2026-02-17T10:40:03.272Z | GET /api/sensors | Auth: Invalid
2026-02-17T10:40:05.493Z | GET /api/sensors | Auth: Invalid
2026-02-17T10:40:13.264Z | OPTIONS /api/sensors | Auth: No
2026-02-17T10:40:23.261Z | OPTIONS /api/sensors | Auth: No
2026-02-17T10:40:23.271Z | GET /api/sensors | Auth: Invalid
2026-02-17T10:40:33.266Z | OPTIONS /api/sensors | Auth: No
2026-02-17T10:40:33.273Z | GET /api/sensors | Auth: Invalid
2026-02-17T10:40:35.507Z | GET /api/sensors | Auth: Invalid
2026-02-17T10:40:43.264Z | OPTIONS /api/sensors | Auth: No
2026-02-17T10:40:53.265Z | OPTIONS /api/sensors | Auth: No
2026-02-17T10:40:53.274Z | GET /api/sensors | Auth: Invalid
2026-02-17T10:41:03.266Z | OPTIONS /api/sensors | Auth: No
2026-02-17T10:41:03.276Z | GET /api/sensors | Auth: Invalid
2026-02-17T10:41:05.518Z | GET /api/sensors | Auth: Invalid
2026-02-17T10:41:13.263Z | OPTIONS /api/sensors | Auth: No
2026-02-17T10:41:23.263Z | OPTIONS /api/sensors | Auth: No
2026-02-17T10:41:23.276Z | GET /api/sensors | Auth: Invalid
2026-02-17T10:41:33.263Z | OPTIONS /api/sensors | Auth: No
2026-02-17T10:41:33.268Z | GET /api/sensors | Auth: Invalid
2026-02-17T10:41:35.528Z | GET /api/sensors | Auth: Invalid
2026-02-17T10:41:43.265Z | OPTIONS /api/sensors | Auth: No
2026-02-17T10:41:53.262Z | OPTIONS /api/sensors | Auth: No
2026-02-17T10:41:53.272Z | GET /api/sensors | Auth: Invalid
2026-02-17T10:42:03.265Z | OPTIONS /api/sensors | Auth: No
2026-02-17T10:42:03.276Z | GET /api/sensors | Auth: Invalid
2026-02-17T10:42:05.541Z | GET /api/sensors | Auth: Invalid
2026-02-17T10:42:13.265Z | OPTIONS /api/sensors | Auth: No
2026-02-17T10:42:23.262Z | OPTIONS /api/sensors | Auth: No
2026-02-17T10:42:23.272Z | GET /api/sensors | Auth: Invalid
2026-02-17T10:42:33.263Z | OPTIONS /api/sensors | Auth: No
2026-02-17T10:42:33.272Z | GET /api/sensors | Auth: Invalid
2026-02-17T10:42:35.556Z | GET /api/sensors | Auth: Invalid
2026-02-17T10:42:43.263Z | OPTIONS /api/sensors | Auth: No
2026-02-17T10:42:53.265Z | OPTIONS /api/sensors | Auth: No
2026-02-17T10:42:53.273Z | GET /api/sensors | Auth: Invalid
2026-02-17T10:43:03.264Z | OPTIONS /api/sensors | Auth: No
2026-02-17T10:43:03.270Z | GET /api/sensors | Auth: Invalid
2026-02-17T10:43:05.570Z | GET /api/sensors | Auth: Invalid
2026-02-17T10:43:13.263Z | OPTIONS /api/sensors | Auth: No
2026-02-17T10:43:23.268Z | OPTIONS /api/sensors | Auth: No
2026-02-17T10:43:23.274Z | GET /api/sensors | Auth: Invalid
2026-02-17T10:43:33.262Z | OPTIONS /api/sensors | Auth: No
2026-02-17T10:43:33.270Z | GET /api/sensors | Auth: Invalid
2026-02-17T10:43:35.584Z | GET /api/sensors | Auth: Invalid
2026-02-17T10:43:43.266Z | OPTIONS /api/sensors | Auth: No
2026-02-17T10:43:53.264Z | OPTIONS /api/sensors | Auth: No
2026-02-17T10:43:53.271Z | GET /api/sensors | Auth: Invalid
2026-02-17T10:44:03.264Z | OPTIONS /api/sensors | Auth: No
2026-02-17T10:44:03.274Z | GET /api/sensors | Auth: Invalid
2026-02-17T10:44:05.598Z | GET /api/sensors | Auth: Invalid
2026-02-17T10:44:13.263Z | OPTIONS /api/sensors | Auth: No
2026-02-17T10:44:23.263Z | OPTIONS /api/sensors | Auth: No
2026-02-17T10:44:23.270Z | GET /api/sensors | Auth: Invalid
2026-02-17T10:44:33.266Z | OPTIONS /api/sensors | Auth: No
2026-02-17T10:44:33.272Z | GET /api/sensors | Auth: Invalid
2026-02-17T10:44:35.610Z | GET /api/sensors | Auth: Invalid
2026-02-17T10:44:36.298Z | GET /api/sensors | Auth: Invalid
2026-02-17T10:44:43.465Z | OPTIONS /api/sensors | Auth: No
2026-02-17T10:44:43.477Z | GET /api/sensors | Auth: Invalid
2026-02-17T10:44:53.461Z | OPTIONS /api/sensors | Auth: No
2026-02-17T10:44:53.468Z | GET /api/sensors | Auth: Invalid
2026-02-17T10:45:03.458Z | OPTIONS /api/sensors | Auth: No
2026-02-17T10:45:03.466Z | GET /api/sensors | Auth: Invalid
2026-02-17T10:45:13.454Z | OPTIONS /api/sensors | Auth: No
2026-02-17T10:45:13.457Z | GET /api/sensors | Auth: Invalid
2026-02-17T10:45:23.455Z | OPTIONS /api/sensors | Auth: No
2026-02-17T10:45:23.458Z | GET /api/sensors | Auth: Invalid
2026-02-17T10:45:33.454Z | OPTIONS /api/sensors | Auth: No
2026-02-17T10:45:33.457Z | GET /api/sensors | Auth: Invalid
2026-02-17T10:45:50.463Z | OPTIONS /api/sensors | Auth: No
2026-02-17T10:45:50.467Z | GET /api/sensors | Auth: Invalid
2026-02-17T10:46:50.460Z | OPTIONS /api/sensors | Auth: No
2026-02-17T10:46:50.471Z | GET /api/sensors | Auth: Invalid
2026-02-17T10:47:50.458Z | OPTIONS /api/sensors | Auth: No
2026-02-17T10:47:50.461Z | GET /api/sensors | Auth: Invalid
2026-02-17T10:48:50.458Z | OPTIONS /api/sensors | Auth: No
2026-02-17T10:48:50.461Z | GET /api/sensors | Auth: Invalid
2026-02-17T10:49:50.463Z | OPTIONS /api/sensors | Auth: No
2026-02-17T10:49:50.466Z | GET /api/sensors | Auth: Invalid
2026-02-17T10:50:50.455Z | OPTIONS /api/sensors | Auth: No
2026-02-17T10:50:50.458Z | GET /api/sensors | Auth: Invalid
2026-02-17T10:51:50.458Z | OPTIONS /api/sensors | Auth: No
2026-02-17T10:51:50.461Z | GET /api/sensors | Auth: Invalid
2026-02-17T10:52:50.459Z | OPTIONS /api/sensors | Auth: No
2026-02-17T10:52:50.466Z | GET /api/sensors | Auth: Invalid
2026-02-17T10:53:50.462Z | OPTIONS /api/sensors | Auth: No
2026-02-17T10:53:50.469Z | GET /api/sensors | Auth: Invalid
2026-02-17T10:54:50.458Z | OPTIONS /api/sensors | Auth: No
2026-02-17T10:54:50.461Z | GET /api/sensors | Auth: Invalid
2026-02-17T10:55:50.455Z | OPTIONS /api/sensors | Auth: No
2026-02-17T10:55:50.457Z | GET /api/sensors | Auth: Invalid
2026-02-17T10:56:50.454Z | OPTIONS /api/sensors | Auth: No
2026-02-17T10:56:50.456Z | GET /api/sensors | Auth: Invalid
2026-02-17T10:57:50.459Z | OPTIONS /api/sensors | Auth: No
2026-02-17T10:57:50.462Z | GET /api/sensors | Auth: Invalid
2026-02-17T10:58:50.459Z | OPTIONS /api/sensors | Auth: No
2026-02-17T10:58:50.462Z | GET /api/sensors | Auth: Invalid
2026-02-17T10:59:50.459Z | OPTIONS /api/sensors | Auth: No
2026-02-17T10:59:50.468Z | GET /api/sensors | Auth: Invalid
2026-02-17T11:00:50.455Z | OPTIONS /api/sensors | Auth: No
2026-02-17T11:00:50.458Z | GET /api/sensors | Auth: Invalid
2026-02-17T11:01:50.461Z | OPTIONS /api/sensors | Auth: No
2026-02-17T11:01:50.471Z | GET /api/sensors | Auth: Invalid
2026-02-17T11:02:50.471Z | OPTIONS /api/sensors | Auth: No
2026-02-17T11:02:50.484Z | GET /api/sensors | Auth: Invalid
2026-02-17T11:03:50.464Z | OPTIONS /api/sensors | Auth: No
2026-02-17T11:03:50.477Z | GET /api/sensors | Auth: Invalid
2026-02-17T11:04:50.464Z | OPTIONS /api/sensors | Auth: No
2026-02-17T11:04:50.475Z | GET /api/sensors | Auth: Invalid
2026-02-17T11:05:50.459Z | OPTIONS /api/sensors | Auth: No
2026-02-17T11:05:50.468Z | GET /api/sensors | Auth: Invalid
2026-02-17T11:06:50.458Z | OPTIONS /api/sensors | Auth: No
2026-02-17T11:06:50.463Z | GET /api/sensors | Auth: Invalid
2026-02-17T11:07:50.459Z | OPTIONS /api/sensors | Auth: No
2026-02-17T11:07:50.465Z | GET /api/sensors | Auth: Invalid
2026-02-17T11:08:50.459Z | OPTIONS /api/sensors | Auth: No
2026-02-17T11:08:50.466Z | GET /api/sensors | Auth: Invalid
2026-02-17T11:09:50.458Z | OPTIONS /api/sensors | Auth: No
2026-02-17T11:09:50.503Z | GET /api/sensors | Auth: Invalid
2026-02-17T11:10:50.459Z | OPTIONS /api/sensors | Auth: No
2026-02-17T11:10:50.465Z | GET /api/sensors | Auth: Invalid
2026-02-17T11:11:50.459Z | OPTIONS /api/sensors | Auth: No
2026-02-17T11:11:50.463Z | GET /api/sensors | Auth: Invalid
2026-02-17T11:12:50.458Z | OPTIONS /api/sensors | Auth: No
2026-02-17T11:12:50.501Z | GET /api/sensors | Auth: Invalid
2026-02-17T11:13:50.458Z | OPTIONS /api/sensors | Auth: No
2026-02-17T11:13:50.461Z | GET /api/sensors | Auth: Invalid
2026-02-17T11:14:50.460Z | OPTIONS /api/sensors | Auth: No
2026-02-17T11:14:50.467Z | GET /api/sensors | Auth: Invalid
2026-02-17T11:15:50.462Z | OPTIONS /api/sensors | Auth: No
2026-02-17T11:15:50.464Z | GET /api/sensors | Auth: Invalid
2026-02-17T11:16:50.456Z | OPTIONS /api/sensors | Auth: No
2026-02-17T11:16:50.459Z | GET /api/sensors | Auth: Invalid
2026-02-17T11:17:50.456Z | OPTIONS /api/sensors | Auth: No
2026-02-17T11:17:50.460Z | GET /api/sensors | Auth: Invalid
2026-02-17T11:18:50.458Z | OPTIONS /api/sensors | Auth: No
2026-02-17T11:18:50.461Z | GET /api/sensors | Auth: Invalid
2026-02-17T11:19:50.460Z | OPTIONS /api/sensors | Auth: No
2026-02-17T11:19:50.462Z | GET /api/sensors | Auth: Invalid
2026-02-17T11:20:50.458Z | OPTIONS /api/sensors | Auth: No
2026-02-17T11:20:50.461Z | GET /api/sensors | Auth: Invalid
2026-02-17T11:21:50.461Z | OPTIONS /api/sensors | Auth: No
2026-02-17T11:21:50.468Z | GET /api/sensors | Auth: Invalid
2026-02-17T11:22:02.830Z | OPTIONS /api/sensors | Auth: No
2026-02-17T11:22:02.834Z | GET /api/sensors | Auth: Invalid
2026-02-17T11:22:03.171Z | GET /api/sensors | Auth: Invalid
2026-02-17T11:22:12.905Z | OPTIONS /api/sensors | Auth: No
2026-02-17T11:22:12.912Z | GET /api/sensors | Auth: Invalid
2026-02-17T11:22:22.905Z | OPTIONS /api/sensors | Auth: No
2026-02-17T11:22:22.911Z | GET /api/sensors | Auth: Invalid
2026-02-17T11:22:32.903Z | OPTIONS /api/sensors | Auth: No
2026-02-17T11:22:32.909Z | GET /api/sensors | Auth: Invalid
2026-02-17T11:22:43.461Z | OPTIONS /api/sensors | Auth: No
2026-02-17T11:22:43.470Z | GET /api/sensors | Auth: Invalid
2026-02-17T11:22:51.910Z | OPTIONS /api/sensors | Auth: No
2026-02-17T11:22:51.917Z | GET /api/sensors | Auth: Invalid
2026-02-17T11:23:02.459Z | OPTIONS /api/sensors | Auth: No
2026-02-17T11:23:02.468Z | GET /api/sensors | Auth: Invalid
2026-02-17T11:23:12.460Z | OPTIONS /api/sensors | Auth: No
2026-02-17T11:23:12.467Z | GET /api/sensors | Auth: Invalid
2026-02-17T11:23:22.455Z | OPTIONS /api/sensors | Auth: No
2026-02-17T11:23:22.459Z | GET /api/sensors | Auth: Invalid
2026-02-17T11:23:32.460Z | OPTIONS /api/sensors | Auth: No
2026-02-17T11:23:32.464Z | GET /api/sensors | Auth: Invalid
2026-02-17T11:23:42.460Z | OPTIONS /api/sensors | Auth: No
2026-02-17T11:23:42.462Z | GET /api/sensors | Auth: Invalid
2026-02-17T11:23:52.459Z | OPTIONS /api/sensors | Auth: No
2026-02-17T11:23:52.465Z | GET /api/sensors | Auth: Invalid
2026-02-17T11:24:50.459Z | OPTIONS /api/sensors | Auth: No
2026-02-17T11:24:50.461Z | GET /api/sensors | Auth: Invalid
2026-02-17T11:25:50.460Z | OPTIONS /api/sensors | Auth: No
2026-02-17T11:25:50.469Z | GET /api/sensors | Auth: Invalid
2026-02-17T11:26:50.455Z | OPTIONS /api/sensors | Auth: No
2026-02-17T11:26:50.459Z | GET /api/sensors | Auth: Invalid
2026-02-17T11:27:50.459Z | OPTIONS /api/sensors | Auth: No
2026-02-17T11:27:50.465Z | GET /api/sensors | Auth: Invalid
2026-02-17T11:28:50.461Z | OPTIONS /api/sensors | Auth: No
2026-02-17T11:28:50.469Z | GET /api/sensors | Auth: Invalid
2026-02-17T11:29:50.458Z | OPTIONS /api/sensors | Auth: No
2026-02-17T11:29:50.461Z | GET /api/sensors | Auth: Invalid
2026-02-17T11:30:50.485Z | OPTIONS /api/sensors | Auth: No
2026-02-17T11:30:50.494Z | GET /api/sensors | Auth: Invalid
2026-02-17T11:31:50.459Z | OPTIONS /api/sensors | Auth: No
2026-02-17T11:31:50.463Z | GET /api/sensors | Auth: Invalid
2026-02-17T11:32:50.456Z | OPTIONS /api/sensors | Auth: No
2026-02-17T11:32:50.464Z | GET /api/sensors | Auth: Invalid
2026-02-17T11:33:50.460Z | OPTIONS /api/sensors | Auth: No
2026-02-17T11:33:50.464Z | GET /api/sensors | Auth: Invalid
2026-02-17T11:34:50.459Z | OPTIONS /api/sensors | Auth: No
2026-02-17T11:34:50.463Z | GET /api/sensors | Auth: Invalid
2026-02-17T11:35:50.467Z | OPTIONS /api/sensors | Auth: No
2026-02-17T11:35:50.491Z | GET /api/sensors | Auth: Invalid
2026-02-17T11:36:50.474Z | OPTIONS /api/sensors | Auth: No
2026-02-17T11:36:50.495Z | GET /api/sensors | Auth: Invalid
2026-02-17T11:37:50.472Z | OPTIONS /api/sensors | Auth: No
2026-02-17T11:37:50.494Z | GET /api/sensors | Auth: Invalid
2026-02-17T11:38:50.465Z | OPTIONS /api/sensors | Auth: No
2026-02-17T11:38:50.483Z | GET /api/sensors | Auth: Invalid
2026-02-17T11:39:50.459Z | OPTIONS /api/sensors | Auth: No
2026-02-17T11:39:50.509Z | GET /api/sensors | Auth: Invalid
2026-02-17T11:40:50.468Z | OPTIONS /api/sensors | Auth: No
2026-02-17T11:40:50.484Z | GET /api/sensors | Auth: Invalid
2026-02-17T11:41:50.459Z | OPTIONS /api/sensors | Auth: No
2026-02-17T11:41:50.484Z | GET /api/sensors | Auth: Invalid
2026-02-17T11:42:50.462Z | OPTIONS /api/sensors | Auth: No
2026-02-17T11:42:50.474Z | GET /api/sensors | Auth: Invalid
2026-02-17T11:43:50.474Z | OPTIONS /api/sensors | Auth: No
2026-02-17T11:43:50.490Z | GET /api/sensors | Auth: Invalid
2026-02-17T11:44:50.497Z | OPTIONS /api/sensors | Auth: No
2026-02-17T11:44:50.515Z | GET /api/sensors | Auth: Invalid
2026-02-17T11:45:50.499Z | OPTIONS /api/sensors | Auth: No
2026-02-17T11:45:50.526Z | GET /api/sensors | Auth: Invalid
2026-02-17T11:46:50.461Z | OPTIONS /api/sensors | Auth: No
2026-02-17T11:46:50.473Z | GET /api/sensors | Auth: Invalid
2026-02-17T11:47:50.471Z | OPTIONS /api/sensors | Auth: No
2026-02-17T11:47:50.493Z | GET /api/sensors | Auth: Invalid
2026-02-17T11:48:50.471Z | OPTIONS /api/sensors | Auth: No
2026-02-17T11:48:50.502Z | GET /api/sensors | Auth: Invalid
2026-02-17T11:49:50.479Z | OPTIONS /api/sensors | Auth: No
2026-02-17T11:49:50.498Z | GET /api/sensors | Auth: Invalid
2026-02-17T11:50:50.490Z | OPTIONS /api/sensors | Auth: No
2026-02-17T11:50:50.510Z | GET /api/sensors | Auth: Invalid
2026-02-17T11:51:50.466Z | OPTIONS /api/sensors | Auth: No
2026-02-17T11:51:50.486Z | GET /api/sensors | Auth: Invalid
2026-02-17T11:52:50.466Z | OPTIONS /api/sensors | Auth: No
2026-02-17T11:52:50.484Z | GET /api/sensors | Auth: Invalid
2026-02-17T11:53:50.463Z | OPTIONS /api/sensors | Auth: No
2026-02-17T11:53:50.483Z | GET /api/sensors | Auth: Invalid
2026-02-17T11:54:50.497Z | OPTIONS /api/sensors | Auth: No
2026-02-17T11:54:50.514Z | GET /api/sensors | Auth: Invalid
2026-02-17T11:55:50.463Z | OPTIONS /api/sensors | Auth: No
2026-02-17T11:55:50.482Z | GET /api/sensors | Auth: Invalid
2026-02-17T11:56:50.458Z | OPTIONS /api/sensors | Auth: No
2026-02-17T11:56:50.471Z | GET /api/sensors | Auth: Invalid
2026-02-17T11:57:50.546Z | OPTIONS /api/sensors | Auth: No
2026-02-17T11:57:50.556Z | GET /api/sensors | Auth: Invalid
2026-02-17T11:58:50.461Z | OPTIONS /api/sensors | Auth: No
2026-02-17T11:58:50.463Z | GET /api/sensors | Auth: Invalid
2026-02-17T11:59:50.459Z | OPTIONS /api/sensors | Auth: No
2026-02-17T11:59:50.502Z | GET /api/sensors | Auth: Invalid
2026-02-17T12:00:50.459Z | OPTIONS /api/sensors | Auth: No
2026-02-17T12:00:50.462Z | GET /api/sensors | Auth: Invalid
2026-02-17T12:01:50.459Z | OPTIONS /api/sensors | Auth: No
2026-02-17T12:01:50.461Z | GET /api/sensors | Auth: Invalid
2026-02-17T12:02:50.459Z | OPTIONS /api/sensors | Auth: No
2026-02-17T12:02:50.462Z | GET /api/sensors | Auth: Invalid
2026-02-17T12:03:50.458Z | OPTIONS /api/sensors | Auth: No
2026-02-17T12:03:50.462Z | GET /api/sensors | Auth: Invalid
2026-02-17T12:04:50.458Z | OPTIONS /api/sensors | Auth: No
2026-02-17T12:04:50.466Z | GET /api/sensors | Auth: Invalid
2026-02-17T12:05:50.464Z | OPTIONS /api/sensors | Auth: No
2026-02-17T12:05:50.474Z | GET /api/sensors | Auth: Invalid
2026-02-17T12:06:50.461Z | OPTIONS /api/sensors | Auth: No
2026-02-17T12:06:50.482Z | GET /api/sensors | Auth: Invalid
2026-02-17T12:07:50.458Z | OPTIONS /api/sensors | Auth: No
2026-02-17T12:07:50.465Z | GET /api/sensors | Auth: Invalid
2026-02-17T12:08:50.458Z | OPTIONS /api/sensors | Auth: No
2026-02-17T12:08:50.467Z | GET /api/sensors | Auth: Invalid
2026-02-17T12:09:50.462Z | OPTIONS /api/sensors | Auth: No
2026-02-17T12:09:50.506Z | GET /api/sensors | Auth: Invalid
2026-02-17T12:10:50.459Z | OPTIONS /api/sensors | Auth: No
2026-02-17T12:10:50.468Z | GET /api/sensors | Auth: Invalid
2026-02-17T12:11:50.459Z | OPTIONS /api/sensors | Auth: No
2026-02-17T12:11:50.462Z | GET /api/sensors | Auth: Invalid
2026-02-17T12:12:50.461Z | OPTIONS /api/sensors | Auth: No
2026-02-17T12:12:50.473Z | GET /api/sensors | Auth: Invalid
2026-02-17T12:13:50.458Z | OPTIONS /api/sensors | Auth: No
2026-02-17T12:13:50.462Z | GET /api/sensors | Auth: Invalid
2026-02-17T12:14:50.458Z | OPTIONS /api/sensors | Auth: No
2026-02-17T12:14:50.461Z | GET /api/sensors | Auth: Invalid
2026-02-17T12:15:50.459Z | OPTIONS /api/sensors | Auth: No
2026-02-17T12:15:50.462Z | GET /api/sensors | Auth: Invalid
2026-02-17T12:16:50.460Z | OPTIONS /api/sensors | Auth: No
2026-02-17T12:16:50.476Z | GET /api/sensors | Auth: Invalid
2026-02-17T12:17:50.458Z | OPTIONS /api/sensors | Auth: No
2026-02-17T12:17:50.462Z | GET /api/sensors | Auth: Invalid
2026-02-17T12:18:50.461Z | OPTIONS /api/sensors | Auth: No
2026-02-17T12:18:50.473Z | GET /api/sensors | Auth: Invalid
2026-02-17T12:19:50.458Z | OPTIONS /api/sensors | Auth: No
2026-02-17T12:19:50.462Z | GET /api/sensors | Auth: Invalid
2026-02-17T12:20:50.494Z | OPTIONS /api/sensors | Auth: No
2026-02-17T12:20:50.497Z | GET /api/sensors | Auth: Invalid
2026-02-17T12:21:50.459Z | OPTIONS /api/sensors | Auth: No
2026-02-17T12:21:50.463Z | GET /api/sensors | Auth: Invalid
2026-02-17T12:22:50.459Z | OPTIONS /api/sensors | Auth: No
2026-02-17T12:22:50.462Z | GET /api/sensors | Auth: Invalid
2026-02-17T12:23:50.458Z | OPTIONS /api/sensors | Auth: No
2026-02-17T12:23:50.465Z | GET /api/sensors | Auth: Invalid
2026-02-17T12:24:50.459Z | OPTIONS /api/sensors | Auth: No
2026-02-17T12:24:50.462Z | GET /api/sensors | Auth: Invalid
2026-02-17T12:25:50.459Z | OPTIONS /api/sensors | Auth: No
2026-02-17T12:25:50.463Z | GET /api/sensors | Auth: Invalid
2026-02-17T12:26:50.456Z | OPTIONS /api/sensors | Auth: No
2026-02-17T12:26:50.462Z | GET /api/sensors | Auth: Invalid
2026-02-17T12:27:51.682Z | OPTIONS /api/sensors | Auth: No
2026-02-17T12:27:52.202Z | GET /api/sensors | Auth: Invalid
2026-02-17T12:28:50.505Z | OPTIONS /api/sensors | Auth: No
2026-02-17T12:28:50.519Z | GET /api/sensors | Auth: Invalid
2026-02-17T12:29:50.482Z | OPTIONS /api/sensors | Auth: No
2026-02-17T12:29:50.499Z | GET /api/sensors | Auth: Invalid
2026-02-17T12:30:50.470Z | OPTIONS /api/sensors | Auth: No
2026-02-17T12:30:50.488Z | GET /api/sensors | Auth: Invalid
2026-02-17T12:31:50.459Z | OPTIONS /api/sensors | Auth: No
2026-02-17T12:31:50.462Z | GET /api/sensors | Auth: Invalid
2026-02-17T12:32:50.461Z | OPTIONS /api/sensors | Auth: No
2026-02-17T12:32:50.479Z | GET /api/sensors | Auth: Invalid
2026-02-17T12:33:50.459Z | OPTIONS /api/sensors | Auth: No
2026-02-17T12:33:50.503Z | GET /api/sensors | Auth: Invalid
2026-02-17T12:34:50.458Z | OPTIONS /api/sensors | Auth: No
2026-02-17T12:34:50.461Z | GET /api/sensors | Auth: Invalid
2026-02-17T12:35:50.459Z | OPTIONS /api/sensors | Auth: No
2026-02-17T12:35:50.463Z | GET /api/sensors | Auth: Invalid
2026-02-17T12:36:50.461Z | OPTIONS /api/sensors | Auth: No
2026-02-17T12:36:50.477Z | GET /api/sensors | Auth: Invalid
2026-02-17T12:37:50.458Z | OPTIONS /api/sensors | Auth: No
2026-02-17T12:37:50.463Z | GET /api/sensors | Auth: Invalid
2026-02-17T12:38:50.462Z | OPTIONS /api/sensors | Auth: No
2026-02-17T12:38:50.467Z | GET /api/sensors | Auth: Invalid
2026-02-17T12:39:50.458Z | OPTIONS /api/sensors | Auth: No
2026-02-17T12:39:50.464Z | GET /api/sensors | Auth: Invalid
2026-02-17T12:40:50.462Z | OPTIONS /api/sensors | Auth: No
2026-02-17T12:40:50.476Z | GET /api/sensors | Auth: Invalid
2026-02-17T12:41:50.458Z | OPTIONS /api/sensors | Auth: No
2026-02-17T12:41:50.462Z | GET /api/sensors | Auth: Invalid
2026-02-17T12:42:50.458Z | OPTIONS /api/sensors | Auth: No
2026-02-17T12:42:50.467Z | GET /api/sensors | Auth: Invalid
2026-02-17T17:26:46.477Z | OPTIONS /api/sensors | Auth: No
2026-02-17T17:26:46.530Z | GET /api/sensors | User: 69936fe6038687e73fe4c313
2026-02-17T17:26:56.460Z | OPTIONS /api/sensors | Auth: No
2026-02-17T17:26:56.470Z | GET /api/sensors | User: 69936fe6038687e73fe4c313
2026-02-17T17:26:58.254Z | GET /api/sensors | User: 69936fe6038687e73fe4c313
2026-02-17T17:27:08.255Z | OPTIONS /api/sensors | Auth: No
2026-02-17T17:27:08.258Z | GET /api/sensors | User: 69936fe6038687e73fe4c313
2026-02-17T17:27:18.258Z | OPTIONS /api/sensors | Auth: No
2026-02-17T17:27:18.269Z | GET /api/sensors | User: 69936fe6038687e73fe4c313
2026-02-17T17:27:28.258Z | OPTIONS /api/sensors | Auth: No
2026-02-17T17:27:28.266Z | GET /api/sensors | User: 69936fe6038687e73fe4c313
2026-02-17T17:27:38.262Z | OPTIONS /api/sensors | Auth: No
2026-02-17T17:27:38.266Z | GET /api/sensors | User: 69936fe6038687e73fe4c313
2026-02-17T17:37:21.610Z | GET /health | Auth: No
2026-02-17T17:38:41.818Z | OPTIONS /api/sensors | Auth: No
2026-02-17T17:38:41.833Z | GET /api/sensors | User: 69936fe6038687e73fe4c313
2026-02-17T17:38:41.908Z | GET /api/sensors | User: 69936fe6038687e73fe4c313
2026-02-17T17:38:49.486Z | OPTIONS /api/sensors | Auth: No
2026-02-17T17:38:49.491Z | GET /api/sensors | User: 69936fe6038687e73fe4c313
2026-02-17T17:38:49.527Z | GET /api/sensors | User: 69936fe6038687e73fe4c313
2026-02-17T17:39:00.462Z | OPTIONS /api/sensors | Auth: No
2026-02-17T17:39:00.475Z | GET /api/sensors | User: 69936fe6038687e73fe4c313
2026-02-17T17:39:10.456Z | OPTIONS /api/sensors | Auth: No
2026-02-17T17:39:10.465Z | GET /api/sensors | User: 69936fe6038687e73fe4c313
2026-02-17T17:39:19.044Z | OPTIONS /api/sensors | Auth: No
2026-02-17T17:39:19.058Z | GET /api/sensors | User: 69936fe6038687e73fe4c313
2026-02-17T17:39:26.374Z | OPTIONS /api/sensors/reset/all | Auth: No
2026-02-17T17:39:26.380Z | DELETE /api/sensors/reset/all | User: 69936fe6038687e73fe4c313
2026-02-17T17:39:29.042Z | OPTIONS /api/sensors | Auth: No
2026-02-17T17:39:29.051Z | GET /api/sensors | User: 69936fe6038687e73fe4c313
2026-02-17T17:39:32.653Z | GET /api/sensors | User: 69936fe6038687e73fe4c313
2026-02-17T17:39:33.469Z | GET /api/sensors | User: 69936fe6038687e73fe4c313
2026-02-17T17:39:34.469Z | OPTIONS /api/sensors | Auth: No
2026-02-17T17:39:34.475Z | GET /api/sensors | User: 69936fe6038687e73fe4c313
2026-02-17T17:39:49.051Z | OPTIONS /api/sensors | Auth: No
2026-02-17T17:39:49.077Z | GET /api/sensors | User: 69936fe6038687e73fe4c313
2026-02-17T17:39:55.387Z | OPTIONS /api/sensors | Auth: No
2026-02-17T17:39:55.399Z | GET /api/sensors | User: 69936fe6038687e73fe4c313
2026-02-17T17:39:56.601Z | GET /api/sensors | User: 69936fe6038687e73fe4c313
2026-02-17T17:39:56.768Z | GET /api/sensors | User: 69936fe6038687e73fe4c313
2026-02-17T17:39:56.954Z | GET /api/sensors | User: 69936fe6038687e73fe4c313
2026-02-17T17:39:57.204Z | GET /api/sensors | User: 69936fe6038687e73fe4c313
2026-02-17T17:39:57.319Z | GET /api/sensors | User: 69936fe6038687e73fe4c313
2026-02-17T17:39:57.489Z | GET /api/sensors | User: 69936fe6038687e73fe4c313
2026-02-17T17:39:57.671Z | GET /api/sensors | User: 69936fe6038687e73fe4c313
2026-02-17T17:39:59.043Z | GET /api/sensors | User: 69936fe6038687e73fe4c313
2026-02-17T17:40:02.735Z | OPTIONS /api/sensors | Auth: No
2026-02-17T17:40:02.741Z | GET /api/sensors | User: 69936fe6038687e73fe4c313
2026-02-17T17:40:02.811Z | GET /api/sensors | User: 69936fe6038687e73fe4c313
2026-02-17T17:40:04.870Z | GET /api/sensors | User: 69936fe6038687e73fe4c313
2026-02-17T17:40:04.900Z | GET /api/sensors | User: 69936fe6038687e73fe4c313
2026-02-17T17:40:06.484Z | GET /api/sensors | User: 69936fe6038687e73fe4c313
2026-02-17T17:40:07.240Z | GET /api/sensors | User: 69936fe6038687e73fe4c313
2026-02-17T17:40:07.274Z | GET /api/sensors | User: 69936fe6038687e73fe4c313
2026-02-17T17:40:27.267Z | OPTIONS /api/sensors | Auth: No
2026-02-17T17:40:27.288Z | GET /api/sensors | User: 69936fe6038687e73fe4c313
2026-02-17T17:40:37.264Z | OPTIONS /api/sensors | Auth: No
2026-02-17T17:40:37.278Z | GET /api/sensors | User: 69936fe6038687e73fe4c313
2026-02-17T17:40:47.004Z | OPTIONS /api/sensors | Auth: No
2026-02-17T17:40:47.013Z | GET /api/sensors | User: 69936fe6038687e73fe4c313
2026-02-17T17:40:47.110Z | GET /api/sensors | User: 69936fe6038687e73fe4c313
2026-02-17T17:40:48.719Z | GET /api/sensors | User: 69936fe6038687e73fe4c313
2026-02-17T17:40:49.451Z | GET /api/sensors | User: 69936fe6038687e73fe4c313
2026-02-17T17:40:49.584Z | GET /api/sensors | User: 69936fe6038687e73fe4c313
2026-02-17T17:40:49.702Z | GET /api/sensors | User: 69936fe6038687e73fe4c313
